2024-11-10 22:13:50,785 - Postgresql_utils.py -log - INFO - 执行sql: SELECT * FROM customer_customer where id = 1,2
2024-11-10 22:14:01,164 - Postgresql_utils.py -log - INFO - 执行sql: SELECT * FROM customer_customer where id = 1
2024-11-10 22:15:40,444 - Postgresql_utils.py -log - INFO - 执行sql: SELECT phone_no FROM customer_customer where id = 1
2024-11-10 22:20:30,270 - Postgresql_utils.py -log - INFO - 执行sql: SELECT phone_no FROM customer_customer where id = 1
2024-11-10 22:22:21,733 - Postgresql_utils.py -log - INFO - 执行sql: SELECT phone_no FROM customer_customer where id = 1
2024-11-10 22:24:12,829 - Postgresql_utils.py -log - INFO - 执行sql: SELECT phone_no FROM customer_customer where id = 1,2
2024-11-10 22:24:28,905 - Postgresql_utils.py -log - INFO - 执行sql: SELECT phone_no FROM customer_customer where id = 1,2
2024-11-10 22:25:55,118 - Postgresql_utils.py -log - INFO - 执行sql: SELECT phone_no FROM customer_customer where id IN (1, 2)
2024-11-10 22:26:13,270 - Postgresql_utils.py -log - INFO - 执行sql: SELECT phone_no FROM customer_customer where id IN (1, 2)
2024-11-10 22:28:49,810 - Postgresql_utils.py -log - INFO - 执行sql: SELECT phone_no FROM customer_customer where account_id = 5
2024-11-10 22:29:19,300 - Postgresql_utils.py -log - INFO - 执行sql: SELECT phone_no FROM customer_customer where account_id = 5
2024-11-10 22:29:36,398 - Postgresql_utils.py -log - INFO - 执行sql: SELECT phone_no FROM customer_customer where account_id = 5
2024-11-10 22:31:05,851 - Postgresql_utils.py -log - INFO - 执行sql: SELECT phone_no FROM customer_customer where account_id = 5
2024-11-10 22:31:22,413 - Postgresql_utils.py -log - INFO - 执行sql: SELECT phone_no FROM customer_customer where account_id = 5
2024-11-10 22:31:37,636 - Postgresql_utils.py -log - INFO - 执行sql: SELECT phone_no FROM customer_customer where account_id = 5
2024-11-10 22:31:53,508 - Postgresql_utils.py -log - INFO - 执行sql: SELECT phone_no FROM customer_customer where account_id = 5
2024-11-10 22:32:30,163 - Postgresql_utils.py -log - INFO - 执行sql: SELECT phone_no FROM customer_customer where account_id = 5
2024-11-10 22:33:22,284 - Postgresql_utils.py -log - INFO - 执行sql: SELECT phone_no FROM customer_customer where account_id = 5
2024-11-10 22:35:02,735 - Postgresql_utils.py -log - INFO - 执行sql: SELECT referral_code FROM customer_customer where phone_no = +12024110801
2024-11-10 22:36:17,313 - Postgresql_utils.py -log - INFO - 执行sql: SELECT referral_code FROM customer_customer where phone_no = +12024110801
2024-11-10 22:37:32,509 - Postgresql_utils.py -log - INFO - 执行sql: SELECT referral_code FROM customer_customer where phone_no = '+12024110801'
2024-11-10 22:38:09,556 - Postgresql_utils.py -log - INFO - 执行sql: SELECT referral_code FROM customer_customer where phone_no = '+12024110801'
2024-11-10 22:38:23,019 - Postgresql_utils.py -log - INFO - 执行sql: SELECT referral_code FROM customer_customer where phone_no = '+12024110801'
2024-11-10 22:39:22,035 - Postgresql_utils.py -log - INFO - 执行sql: SELECT referral_code FROM customer_customer where phone_no = '+12024110801'
2024-11-10 22:40:23,267 - Postgresql_utils.py -log - INFO - 执行sql: SELECT referral_code FROM customer_customer where phone_no = '+12024110801'
2024-11-10 22:40:38,297 - Postgresql_utils.py -log - INFO - 执行sql: SELECT referral_code FROM customer_customer where phone_no = '+12024110801'
2024-11-10 22:40:55,137 - Postgresql_utils.py -log - INFO - 执行sql: SELECT referral_code FROM customer_customer where phone_no = '+12024110801'
2024-11-10 22:41:08,525 - Postgresql_utils.py -log - INFO - 执行sql: SELECT referral_code FROM customer_customer where phone_no = '+12024110801'
2024-11-10 22:41:40,180 - Postgresql_utils.py -log - INFO - 执行sql: SELECT referral_code FROM customer_customer where phone_no = '+12024110801'
2024-11-10 22:41:55,635 - Postgresql_utils.py -log - INFO - 执行sql: SELECT referral_code FROM customer_customer where phone_no = '+12024110801'
2024-11-10 22:42:19,269 - Postgresql_utils.py -log - INFO - 执行sql: SELECT referral_code FROM customer_customer where phone_no = '+12024110801'
2024-11-10 22:42:31,567 - Postgresql_utils.py -log - INFO - 执行sql: SELECT referral_code FROM customer_customer where phone_no = '+12024110801'
2024-11-10 22:42:44,756 - Postgresql_utils.py -log - INFO - 执行sql: SELECT referral_code FROM customer_customer where phone_no = '+12024110801'
2024-11-10 22:43:24,002 - Postgresql_utils.py -log - INFO - 执行sql: SELECT referral_code FROM customer_customer where phone_no = '+12024110801'
2024-11-10 22:43:48,470 - Postgresql_utils.py -log - INFO - 执行sql: SELECT referral_code FROM customer_customer where phone_no = '+12024110801'
2024-11-10 22:44:26,156 - Postgresql_utils.py -log - INFO - 执行sql: SELECT referral_code FROM customer_customer where phone_no = '+12024110801'
2024-11-10 22:44:36,373 - Postgresql_utils.py -log - INFO - 执行sql: SELECT referral_code FROM customer_customer where phone_no = '+12024110801'
2024-11-10 22:45:00,927 - Postgresql_utils.py -log - INFO - 执行sql: SELECT referral_code FROM customer_customer where phone_no = '+12024110801'
2024-11-10 22:45:08,655 - Postgresql_utils.py -log - INFO - 执行sql: SELECT referral_code FROM customer_customer where phone_no = '+12024110801'
2024-11-10 22:45:19,017 - Postgresql_utils.py -log - INFO - 执行sql: SELECT referral_code FROM customer_customer where phone_no = '+12024110801'
