2024-12-09 10:40:34,670 - conftest.py -log - INFO - 开始执行测试
2024-12-09 10:40:34,675 - Postgresql_utils.py -log - INFO - 执行sql: update customer_customer set is_archived = true WHERE phone_no = '+12000000000'
2024-12-09 10:40:34,792 - conftest.py -log - INFO - sql执行结果：None
2024-12-09 10:40:34,792 - rest_client.py -log - INFO - 接口请求的地址: https://api-rental-stg.moovmobility.co/customer/registry/register
2024-12-09 10:40:34,792 - rest_client.py -log - INFO - 接口请求的json参数:  
{
    "phoneNo": "+12000000000",
    "isMarketingConsented": "true"
}
2024-12-09 10:40:34,793 - rest_client.py -log - INFO - 接口请求的请求头:
{
    "Host": "api-rental-stg.moovmobility.co",
    "Content-Type": "application/json",
    "rental-client-id": "com.rental.user.app.rybit.stg",
    "rental-captcha-token": "RENTAL_CAPTCHA_TOKEN",
    "Accept": "*/*",
    "Accept-Language": "en-us",
    "User-Agent": "RNJetsbikeB2C/1911 CFNetwork/1568.100.1 Darwin/24.0.0",
    "Accept-Encoding": "gzip",
    "Connection": "keep-alive"
}
2024-12-09 10:40:36,033 - response_urils.py -log - INFO - 接口返回数据：
{
    "code": 1000,
    "message": null,
    "data": {
        "registrationToken": "eyJhbGciOiJIUzI1NiJ9.eyJpc3MiOiJSYWJpdC1jdXN0b21lciIsImlhdCI6MTczMzcxMjAzOCwiZXhwIjoxNzMzNzEzODM3LCJyYXdJZCI6MTAwOH0.BN30mNNTc8z2pSi2eVtcz1iQfpTMmIP2GdfgUY4u8Q4"
    }
}
2024-12-09 10:40:36,036 - conftest.py -log - INFO - 测试结束
2024-12-09 10:40:36,040 - conftest.py -log - INFO - 开始执行测试
2024-12-09 10:40:36,046 - rest_client.py -log - INFO - 接口请求的地址: https://api-rental-stg.moovmobility.co/customer/registry/verify
2024-12-09 10:40:36,046 - rest_client.py -log - INFO - 接口请求的json参数:  
{
    "verificationCode": 111111,
    "registrationToken": "eyJhbGciOiJIUzI1NiJ9.eyJpc3MiOiJSYWJpdC1jdXN0b21lciIsImlhdCI6MTczMzcxMjAzOCwiZXhwIjoxNzMzNzEzODM3LCJyYXdJZCI6MTAwOH0.BN30mNNTc8z2pSi2eVtcz1iQfpTMmIP2GdfgUY4u8Q4"
}
2024-12-09 10:40:36,046 - rest_client.py -log - INFO - 接口请求的请求头:
{
    "Host": "api-rental-stg.moovmobility.co",
    "Content-Type": "application/json",
    "rental-client-id": "com.rental.user.app.rybit.stg",
    "rental-captcha-token": "RENTAL_CAPTCHA_TOKEN",
    "Accept": "*/*",
    "Accept-Language": "en-us",
    "User-Agent": "RNJetsbikeB2C/1911 CFNetwork/1568.100.1 Darwin/24.0.0",
    "Accept-Encoding": "gzip",
    "Connection": "keep-alive"
}
2024-12-09 10:40:36,675 - response_urils.py -log - INFO - 接口返回数据：
{
    "code": 1000,
    "message": null,
    "data": {
        "newCustomerAccessToken": "925532853D914304B18FFB2A13E77E60",
        "newCustomerPassword": "005241"
    }
}
2024-12-09 10:40:36,678 - conftest.py -log - INFO - 测试结束
2024-12-09 10:40:36,682 - conftest.py -log - INFO - 开始执行测试
2024-12-09 10:40:36,683 - rest_client.py -log - INFO - 接口请求的地址: https://api-rental-stg.moovmobility.co/customer/me/changePasswordByPassword
2024-12-09 10:40:36,683 - rest_client.py -log - INFO - 接口请求的json参数:  
{
    "currentPassword": "005241",
    "password": "123456"
}
2024-12-09 10:40:36,683 - rest_client.py -log - INFO - 接口请求的请求头:
{
    "Host": "api-rental-stg.moovmobility.co",
    "Content-Type": "application/json",
    "rental-client-id": "com.rental.user.app.rybit.stg",
    "rental-captcha-token": "RENTAL_CAPTCHA_TOKEN",
    "Accept": "*/*",
    "Accept-Language": "en-us",
    "User-Agent": "RNJetsbikeB2C/1911 CFNetwork/1568.100.1 Darwin/24.0.0",
    "Accept-Encoding": "gzip",
    "Connection": "keep-alive",
    "Authorization": "Bearer 925532853D914304B18FFB2A13E77E60"
}
2024-12-09 10:40:37,261 - response_urils.py -log - INFO - 接口返回数据：
{
    "code": 1000,
    "message": null,
    "data": null
}
2024-12-09 10:40:37,262 - conftest.py -log - INFO - 测试结束
2024-12-09 10:40:37,265 - conftest.py -log - INFO - 开始执行测试
2024-12-09 10:40:37,269 - rest_client.py -log - INFO - 接口请求的地址: https://api-rental-stg.moovmobility.co/customer/me
2024-12-09 10:40:37,269 - rest_client.py -log - INFO - 接口请求的json参数:  
{
    "nameFirst": "bin",
    "nameLast": "bin",
    "email": "bin950126@163.com",
    "whatsapp": "+12022222222"
}
2024-12-09 10:40:37,269 - rest_client.py -log - INFO - 接口请求的请求头:
{
    "Host": "api-rental-stg.moovmobility.co",
    "Content-Type": "application/json",
    "rental-client-id": "com.rental.user.app.rybit.stg",
    "rental-captcha-token": "RENTAL_CAPTCHA_TOKEN",
    "Accept": "*/*",
    "Accept-Language": "en-us",
    "User-Agent": "RNJetsbikeB2C/1911 CFNetwork/1568.100.1 Darwin/24.0.0",
    "Accept-Encoding": "gzip",
    "Connection": "keep-alive",
    "Authorization": "Bearer 925532853D914304B18FFB2A13E77E60"
}
2024-12-09 10:40:37,894 - response_urils.py -log - INFO - 接口请求失败:
{
    "code": 400,
    "type": "EmailInUse",
    "messageId": null,
    "message": "Email 'bin950126@163.com' is in use.",
    "details": [],
    "data": null
}
2024-12-09 10:40:37,934 - conftest.py -log - INFO - 测试结束
2024-12-09 10:40:37,996 - conftest.py -log - INFO - 开始执行测试
2024-12-09 10:40:38,031 - rest_client.py -log - INFO - 接口请求的地址: https://api-rental-stg.moovmobility.co/customer/me/payment/$setup
2024-12-09 10:40:38,047 - rest_client.py -log - INFO - 接口请求的json参数:  
{
    "providerId": "E8XY",
    "methodType": "credit-card"
}
2024-12-09 10:40:38,048 - rest_client.py -log - INFO - 接口请求的请求头:
{
    "Host": "api-rental-stg.moovmobility.co",
    "Content-Type": "application/json",
    "rental-client-id": "com.rental.user.app.rybit.stg",
    "rental-captcha-token": "RENTAL_CAPTCHA_TOKEN",
    "Accept": "*/*",
    "Accept-Language": "en-us",
    "User-Agent": "RNJetsbikeB2C/1911 CFNetwork/1568.100.1 Darwin/24.0.0",
    "Accept-Encoding": "gzip",
    "Connection": "keep-alive",
    "Authorization": "Bearer 925532853D914304B18FFB2A13E77E60"
}
2024-12-09 10:40:39,877 - response_urils.py -log - INFO - 接口返回数据：
{
    "code": 1000,
    "message": null,
    "data": {
        "id": "R85N",
        "providerId": "E8XY",
        "methodType": "credit-card",
        "status": "init",
        "option": {
            "stripeSetupId": "seti_1QTwtpGvq4E0WjAYxfNex024",
            "stripeSetupSecret": "seti_1QTwtpGvq4E0WjAYxfNex024_secret_RMgGvzAvyBcRQJDdw1n5KieTcMW9kPO"
        },
        "providerType": "stripe",
        "createdAt": "2024-12-09T02:40:41.270286Z",
        "updatedAt": "2024-12-09T02:40:41.270286Z",
        "customerId": "M2LJ"
    }
}
2024-12-09 10:40:39,878 - conftest.py -log - INFO - 测试结束
2024-12-09 10:44:19,693 - conftest.py -log - INFO - 开始执行测试
2024-12-09 10:44:19,698 - Postgresql_utils.py -log - INFO - 执行sql: update customer_customer set is_archived = true WHERE phone_no = '+12000000000'
2024-12-09 10:44:19,968 - conftest.py -log - INFO - sql执行结果：None
2024-12-09 10:44:19,968 - rest_client.py -log - INFO - 接口请求的地址: https://api-rental-stg.moovmobility.co/customer/registry/register
2024-12-09 10:44:19,969 - rest_client.py -log - INFO - 接口请求的json参数:  
{
    "phoneNo": "+12000000000",
    "isMarketingConsented": "true"
}
2024-12-09 10:44:19,969 - rest_client.py -log - INFO - 接口请求的请求头:
{
    "Host": "api-rental-stg.moovmobility.co",
    "Content-Type": "application/json",
    "rental-client-id": "com.rental.user.app.rybit.stg",
    "rental-captcha-token": "RENTAL_CAPTCHA_TOKEN",
    "Accept": "*/*",
    "Accept-Language": "en-us",
    "User-Agent": "RNJetsbikeB2C/1911 CFNetwork/1568.100.1 Darwin/24.0.0",
    "Accept-Encoding": "gzip",
    "Connection": "keep-alive"
}
2024-12-09 10:44:20,534 - response_urils.py -log - INFO - 接口返回数据：
{
    "code": 1000,
    "message": null,
    "data": {
        "registrationToken": "eyJhbGciOiJIUzI1NiJ9.eyJpc3MiOiJSYWJpdC1jdXN0b21lciIsImlhdCI6MTczMzcxMjI2MiwiZXhwIjoxNzMzNzE0MDYyLCJyYXdJZCI6MTAwOX0.7Z1-47t0WWGJ2HqCwMO9H-q2sWinzet13ODXf-ZdMNU"
    }
}
2024-12-09 10:44:20,537 - conftest.py -log - INFO - 测试结束
2024-12-09 10:44:20,544 - conftest.py -log - INFO - 开始执行测试
2024-12-09 10:44:20,549 - rest_client.py -log - INFO - 接口请求的地址: https://api-rental-stg.moovmobility.co/customer/registry/verify
2024-12-09 10:44:20,550 - rest_client.py -log - INFO - 接口请求的json参数:  
{
    "verificationCode": 111111,
    "registrationToken": "eyJhbGciOiJIUzI1NiJ9.eyJpc3MiOiJSYWJpdC1jdXN0b21lciIsImlhdCI6MTczMzcxMjI2MiwiZXhwIjoxNzMzNzE0MDYyLCJyYXdJZCI6MTAwOX0.7Z1-47t0WWGJ2HqCwMO9H-q2sWinzet13ODXf-ZdMNU"
}
2024-12-09 10:44:20,550 - rest_client.py -log - INFO - 接口请求的请求头:
{
    "Host": "api-rental-stg.moovmobility.co",
    "Content-Type": "application/json",
    "rental-client-id": "com.rental.user.app.rybit.stg",
    "rental-captcha-token": "RENTAL_CAPTCHA_TOKEN",
    "Accept": "*/*",
    "Accept-Language": "en-us",
    "User-Agent": "RNJetsbikeB2C/1911 CFNetwork/1568.100.1 Darwin/24.0.0",
    "Accept-Encoding": "gzip",
    "Connection": "keep-alive"
}
2024-12-09 10:44:21,220 - response_urils.py -log - INFO - 接口返回数据：
{
    "code": 1000,
    "message": null,
    "data": {
        "newCustomerAccessToken": "BDE9ED3B16F1475281C5C5EAA0093C86",
        "newCustomerPassword": "430450"
    }
}
2024-12-09 10:44:21,223 - conftest.py -log - INFO - 测试结束
2024-12-09 10:44:21,229 - conftest.py -log - INFO - 开始执行测试
2024-12-09 10:44:21,230 - rest_client.py -log - INFO - 接口请求的地址: https://api-rental-stg.moovmobility.co/customer/me/changePasswordByPassword
2024-12-09 10:44:21,230 - rest_client.py -log - INFO - 接口请求的json参数:  
{
    "currentPassword": "430450",
    "password": "123456"
}
2024-12-09 10:44:21,231 - rest_client.py -log - INFO - 接口请求的请求头:
{
    "Host": "api-rental-stg.moovmobility.co",
    "Content-Type": "application/json",
    "rental-client-id": "com.rental.user.app.rybit.stg",
    "rental-captcha-token": "RENTAL_CAPTCHA_TOKEN",
    "Accept": "*/*",
    "Accept-Language": "en-us",
    "User-Agent": "RNJetsbikeB2C/1911 CFNetwork/1568.100.1 Darwin/24.0.0",
    "Accept-Encoding": "gzip",
    "Connection": "keep-alive",
    "Authorization": "Bearer BDE9ED3B16F1475281C5C5EAA0093C86"
}
2024-12-09 10:44:21,778 - response_urils.py -log - INFO - 接口返回数据：
{
    "code": 1000,
    "message": null,
    "data": null
}
2024-12-09 10:44:21,779 - conftest.py -log - INFO - 测试结束
2024-12-09 10:44:21,782 - conftest.py -log - INFO - 开始执行测试
2024-12-09 10:44:21,786 - rest_client.py -log - INFO - 接口请求的地址: https://api-rental-stg.moovmobility.co/customer/me
2024-12-09 10:44:21,786 - rest_client.py -log - INFO - 接口请求的json参数:  
{
    "nameFirst": "bin",
    "nameLast": "bin",
    "email": "bin950126@163.com",
    "whatsapp": "+12022222222"
}
2024-12-09 10:44:21,786 - rest_client.py -log - INFO - 接口请求的请求头:
{
    "Host": "api-rental-stg.moovmobility.co",
    "Content-Type": "application/json",
    "rental-client-id": "com.rental.user.app.rybit.stg",
    "rental-captcha-token": "RENTAL_CAPTCHA_TOKEN",
    "Accept": "*/*",
    "Accept-Language": "en-us",
    "User-Agent": "RNJetsbikeB2C/1911 CFNetwork/1568.100.1 Darwin/24.0.0",
    "Accept-Encoding": "gzip",
    "Connection": "keep-alive",
    "Authorization": "Bearer BDE9ED3B16F1475281C5C5EAA0093C86"
}
2024-12-09 10:44:22,350 - response_urils.py -log - INFO - 接口返回数据：
{
    "code": 1000,
    "message": null,
    "data": {
        "id": "NZLD",
        "username": "+12000000000",
        "isPasswordSettled": true,
        "nameFirst": "bin",
        "nameLast": "bin",
        "name": "bin bin",
        "phoneNo": "+12000000000",
        "isPhoneNoVerified": false,
        "email": "bin950126@163.com",
        "isEmailVerified": false,
        "whatsapp": "+12022222222",
        "referralCode": "F5P5BP",
        "agreementAgreedAt": "2024-12-09T02:44:23.390404Z",
        "identityVerificationStatus": null,
        "isMarketingConsented": true,
        "createdAt": "2024-12-09T02:44:23.390404Z",
        "updatedAt": "2024-12-09T02:44:24.568295086Z"
    }
}
2024-12-09 10:44:22,352 - conftest.py -log - INFO - 测试结束
2024-12-09 10:44:22,354 - conftest.py -log - INFO - 开始执行测试
2024-12-09 10:44:22,358 - rest_client.py -log - INFO - 接口请求的地址: https://api-rental-stg.moovmobility.co/customer/me/payment/$setup
2024-12-09 10:44:22,359 - rest_client.py -log - INFO - 接口请求的json参数:  
{
    "providerId": "E8XY",
    "methodType": "credit-card"
}
2024-12-09 10:44:22,359 - rest_client.py -log - INFO - 接口请求的请求头:
{
    "Host": "api-rental-stg.moovmobility.co",
    "Content-Type": "application/json",
    "rental-client-id": "com.rental.user.app.rybit.stg",
    "rental-captcha-token": "RENTAL_CAPTCHA_TOKEN",
    "Accept": "*/*",
    "Accept-Language": "en-us",
    "User-Agent": "RNJetsbikeB2C/1911 CFNetwork/1568.100.1 Darwin/24.0.0",
    "Accept-Encoding": "gzip",
    "Connection": "keep-alive",
    "Authorization": "Bearer BDE9ED3B16F1475281C5C5EAA0093C86"
}
2024-12-09 10:44:23,933 - response_urils.py -log - INFO - 接口返回数据：
{
    "code": 1000,
    "message": null,
    "data": {
        "id": "BXOJ",
        "providerId": "E8XY",
        "methodType": "credit-card",
        "status": "init",
        "option": {
            "stripeSetupId": "seti_1QTwxSGvq4E0WjAYCfsVRPqK",
            "stripeSetupSecret": "seti_1QTwxSGvq4E0WjAYCfsVRPqK_secret_RMgKtjY6DE7k9UeeoQZtao242e32wtK"
        },
        "providerType": "stripe",
        "createdAt": "2024-12-09T02:44:25.521381Z",
        "updatedAt": "2024-12-09T02:44:25.521381Z",
        "customerId": "NZLD"
    }
}
2024-12-09 10:44:23,935 - conftest.py -log - INFO - 测试结束
2024-12-09 10:53:16,742 - conftest.py -log - INFO - 开始执行测试
2024-12-09 10:53:16,747 - Postgresql_utils.py -log - INFO - 执行sql: update customer_customer set is_archived = true WHERE phone_no = '+12000000000'
2024-12-09 10:53:16,873 - conftest.py -log - INFO - sql执行结果：None
2024-12-09 10:53:16,873 - rest_client.py -log - INFO - 接口请求的地址: https://api-rental-stg.moovmobility.co/customer/registry/register
2024-12-09 10:53:16,874 - rest_client.py -log - INFO - 接口请求的json参数:  
{
    "phoneNo": "+12000000000",
    "isMarketingConsented": "true"
}
2024-12-09 10:53:16,874 - rest_client.py -log - INFO - 接口请求的请求头:
{
    "Host": "api-rental-stg.moovmobility.co",
    "Content-Type": "application/json",
    "rental-client-id": "com.rental.user.app.rybit.stg",
    "rental-captcha-token": "RENTAL_CAPTCHA_TOKEN",
    "Accept": "*/*",
    "Accept-Language": "en-us",
    "User-Agent": "RNJetsbikeB2C/1911 CFNetwork/1568.100.1 Darwin/24.0.0",
    "Accept-Encoding": "gzip",
    "Connection": "keep-alive"
}
2024-12-09 10:53:17,365 - response_urils.py -log - INFO - 接口返回数据：
{
    "code": 1000,
    "message": null,
    "data": {
        "registrationToken": "eyJhbGciOiJIUzI1NiJ9.eyJpc3MiOiJSYWJpdC1jdXN0b21lciIsImlhdCI6MTczMzcxMjc5OSwiZXhwIjoxNzMzNzE0NTk5LCJyYXdJZCI6MTAxMH0.Ed3RWmYnjP2QXjRTImiYdz-0gY6VivzYkjUXCw9IrH0"
    }
}
2024-12-09 10:53:17,367 - conftest.py -log - INFO - 测试结束
2024-12-09 10:53:17,371 - conftest.py -log - INFO - 开始执行测试
2024-12-09 10:53:17,376 - rest_client.py -log - INFO - 接口请求的地址: https://api-rental-stg.moovmobility.co/customer/registry/verify
2024-12-09 10:53:17,376 - rest_client.py -log - INFO - 接口请求的json参数:  
{
    "verificationCode": 111111,
    "registrationToken": "eyJhbGciOiJIUzI1NiJ9.eyJpc3MiOiJSYWJpdC1jdXN0b21lciIsImlhdCI6MTczMzcxMjc5OSwiZXhwIjoxNzMzNzE0NTk5LCJyYXdJZCI6MTAxMH0.Ed3RWmYnjP2QXjRTImiYdz-0gY6VivzYkjUXCw9IrH0"
}
2024-12-09 10:53:17,376 - rest_client.py -log - INFO - 接口请求的请求头:
{
    "Host": "api-rental-stg.moovmobility.co",
    "Content-Type": "application/json",
    "rental-client-id": "com.rental.user.app.rybit.stg",
    "rental-captcha-token": "RENTAL_CAPTCHA_TOKEN",
    "Accept": "*/*",
    "Accept-Language": "en-us",
    "User-Agent": "RNJetsbikeB2C/1911 CFNetwork/1568.100.1 Darwin/24.0.0",
    "Accept-Encoding": "gzip",
    "Connection": "keep-alive"
}
2024-12-09 10:53:17,818 - response_urils.py -log - INFO - 接口返回数据：
{
    "code": 1000,
    "message": null,
    "data": {
        "newCustomerAccessToken": "F1F4691717C0465F9C8F33E2829FF288",
        "newCustomerPassword": "691311"
    }
}
2024-12-09 10:53:17,821 - conftest.py -log - INFO - 测试结束
2024-12-09 10:53:17,825 - conftest.py -log - INFO - 开始执行测试
2024-12-09 10:53:17,826 - rest_client.py -log - INFO - 接口请求的地址: https://api-rental-stg.moovmobility.co/customer/me/changePasswordByPassword
2024-12-09 10:53:17,826 - rest_client.py -log - INFO - 接口请求的json参数:  
{
    "currentPassword": "691311",
    "password": "123456"
}
2024-12-09 10:53:17,826 - rest_client.py -log - INFO - 接口请求的请求头:
{
    "Host": "api-rental-stg.moovmobility.co",
    "Content-Type": "application/json",
    "rental-client-id": "com.rental.user.app.rybit.stg",
    "rental-captcha-token": "RENTAL_CAPTCHA_TOKEN",
    "Accept": "*/*",
    "Accept-Language": "en-us",
    "User-Agent": "RNJetsbikeB2C/1911 CFNetwork/1568.100.1 Darwin/24.0.0",
    "Accept-Encoding": "gzip",
    "Connection": "keep-alive",
    "Authorization": "Bearer F1F4691717C0465F9C8F33E2829FF288"
}
2024-12-09 10:53:18,263 - response_urils.py -log - INFO - 接口返回数据：
{
    "code": 1000,
    "message": null,
    "data": null
}
2024-12-09 10:53:18,265 - conftest.py -log - INFO - 测试结束
2024-12-09 10:53:18,269 - conftest.py -log - INFO - 开始执行测试
2024-12-09 10:53:18,275 - rest_client.py -log - INFO - 接口请求的地址: https://api-rental-stg.moovmobility.co/customer/me
2024-12-09 10:53:18,275 - rest_client.py -log - INFO - 接口请求的json参数:  
{
    "nameFirst": "bin",
    "nameLast": "bin",
    "email": "bin950126@163.com",
    "whatsapp": "+12022222222"
}
2024-12-09 10:53:18,275 - rest_client.py -log - INFO - 接口请求的请求头:
{
    "Host": "api-rental-stg.moovmobility.co",
    "Content-Type": "application/json",
    "rental-client-id": "com.rental.user.app.rybit.stg",
    "rental-captcha-token": "RENTAL_CAPTCHA_TOKEN",
    "Accept": "*/*",
    "Accept-Language": "en-us",
    "User-Agent": "RNJetsbikeB2C/1911 CFNetwork/1568.100.1 Darwin/24.0.0",
    "Accept-Encoding": "gzip",
    "Connection": "keep-alive",
    "Authorization": "Bearer F1F4691717C0465F9C8F33E2829FF288"
}
2024-12-09 10:53:18,695 - response_urils.py -log - INFO - 接口返回数据：
{
    "code": 1000,
    "message": null,
    "data": {
        "id": "33QW",
        "username": "+12000000000",
        "isPasswordSettled": true,
        "nameFirst": "bin",
        "nameLast": "bin",
        "name": "bin bin",
        "phoneNo": "+12000000000",
        "isPhoneNoVerified": false,
        "email": "bin950126@163.com",
        "isEmailVerified": false,
        "whatsapp": "+12022222222",
        "referralCode": "5TI0QA",
        "agreementAgreedAt": "2024-12-09T02:53:20.039856Z",
        "identityVerificationStatus": null,
        "isMarketingConsented": true,
        "createdAt": "2024-12-09T02:53:20.039856Z",
        "updatedAt": "2024-12-09T02:53:20.93987059Z"
    }
}
2024-12-09 10:53:18,698 - conftest.py -log - INFO - 测试结束
2024-12-09 10:53:18,702 - conftest.py -log - INFO - 开始执行测试
2024-12-09 10:53:18,708 - rest_client.py -log - INFO - 接口请求的地址: https://api-rental-stg.moovmobility.co/customer/me/payment/$setup
2024-12-09 10:53:18,708 - rest_client.py -log - INFO - 接口请求的json参数:  
{
    "providerId": "E8XY",
    "methodType": "credit-card"
}
2024-12-09 10:53:18,708 - rest_client.py -log - INFO - 接口请求的请求头:
{
    "Host": "api-rental-stg.moovmobility.co",
    "Content-Type": "application/json",
    "rental-client-id": "com.rental.user.app.rybit.stg",
    "rental-captcha-token": "RENTAL_CAPTCHA_TOKEN",
    "Accept": "*/*",
    "Accept-Language": "en-us",
    "User-Agent": "RNJetsbikeB2C/1911 CFNetwork/1568.100.1 Darwin/24.0.0",
    "Accept-Encoding": "gzip",
    "Connection": "keep-alive",
    "Authorization": "Bearer F1F4691717C0465F9C8F33E2829FF288"
}
2024-12-09 10:53:20,310 - response_urils.py -log - INFO - 接口返回数据：
{
    "code": 1000,
    "message": null,
    "data": {
        "id": "LPL6",
        "providerId": "E8XY",
        "methodType": "credit-card",
        "status": "init",
        "option": {
            "stripeSetupId": "seti_1QTx66Gvq4E0WjAYxIqs9EsY",
            "stripeSetupSecret": "seti_1QTx66Gvq4E0WjAYxIqs9EsY_secret_RMgTioom4jlIb3whPZyETd5YCanidL3"
        },
        "providerType": "stripe",
        "createdAt": "2024-12-09T02:53:21.910152Z",
        "updatedAt": "2024-12-09T02:53:21.910152Z",
        "customerId": "33QW"
    }
}
2024-12-09 10:53:20,313 - conftest.py -log - INFO - 测试结束
