2025-02-03 00:10:01,330 - conftest.py -log - INFO - 开始执行测试
2025-02-03 00:10:01,335 - Postgresql_utils.py -log - INFO - 执行sql: update customer_customer set is_archived = true WHERE phone_no = '+12025000001'
2025-02-03 00:10:02,430 - conftest.py -log - INFO - sql执行结果：None
2025-02-03 00:10:02,433 - rest_client_new.py -log - INFO - 接口请求的地址: https://api-rental-stg.moovmobility.co/customer/registry/register
2025-02-03 00:10:02,433 - rest_client_new.py -log - INFO - 接口请求方式: POST
2025-02-03 00:10:02,434 - rest_client_new.py -log - INFO - 接口请求的json参数:  
{
    "phoneNo": "+12025000001",
    "isMarketingConsented": true
}
2025-02-03 00:10:02,434 - rest_client_new.py -log - INFO - 接口请求的请求头:
{
    "Content-Type": "application/json",
    "rental-client-id": "com.rental.user.app.rybit.stg",
    "rental-captcha-token": "RENTAL_CAPTCHA_TOKEN"
}
2025-02-03 00:10:05,020 - rest_client_new.py -log - INFO - 接口的返回内容:>>>
{
    "code": 1000,
    "message": null,
    "data": {
        "registrationToken": "eyJhbGciOiJIUzI1NiJ9.eyJpc3MiOiJSYWJpdC1jdXN0b21lciIsImlhdCI6MTczODUxMjYwNiwiZXhwIjoxNzM4NTE0NDA2LCJyYXdJZCI6MTI1Mn0.RMo1_od1NPRvZqC-AZZy_bgGGtSGA1UHCYpoPMwFEcg"
    }
}
2025-02-03 00:10:05,030 - conftest.py -log - INFO - 测试结束
2025-02-03 00:10:05,038 - conftest.py -log - INFO - 开始执行测试
2025-02-03 00:10:05,044 - rest_client_new.py -log - INFO - 接口请求的地址: https://api-rental-stg.moovmobility.co/customer/registry/verify
2025-02-03 00:10:05,044 - rest_client_new.py -log - INFO - 接口请求方式: POST
2025-02-03 00:10:05,044 - rest_client_new.py -log - INFO - 接口请求的json参数:  
{
    "verificationCode": "123456",
    "registrationToken": "eyJhbGciOiJIUzI1NiJ9.eyJpc3MiOiJSYWJpdC1jdXN0b21lciIsImlhdCI6MTczODUxMjYwNiwiZXhwIjoxNzM4NTE0NDA2LCJyYXdJZCI6MTI1Mn0.RMo1_od1NPRvZqC-AZZy_bgGGtSGA1UHCYpoPMwFEcg"
}
2025-02-03 00:10:05,044 - rest_client_new.py -log - INFO - 接口请求的请求头:
{
    "Content-Type": "application/json",
    "rental-client-id": "com.rental.user.app.rybit.stg",
    "rental-captcha-token": "RENTAL_CAPTCHA_TOKEN"
}
2025-02-03 00:10:07,164 - rest_client_new.py -log - INFO - 接口的返回内容:>>>
{
    "code": 1000,
    "message": null,
    "data": {
        "newCustomerAccessToken": "A7CEF5FAE9F746D3B0B757F6CF16A3E7",
        "newCustomerPassword": "147900"
    }
}
2025-02-03 00:10:07,166 - conftest.py -log - INFO - 测试结束
2025-02-03 00:10:07,171 - conftest.py -log - INFO - 开始执行测试
2025-02-03 00:10:07,176 - conftest.py -log - INFO - 测试结束
2025-02-03 00:27:54,791 - conftest.py -log - INFO - 开始执行测试
2025-02-03 00:27:54,841 - conftest.py -log - INFO - 测试结束
2025-02-03 00:30:24,042 - conftest.py -log - INFO - 开始执行测试
2025-02-03 00:30:24,044 - rest_client_new.py -log - INFO - 接口请求的地址: https://api-rental-stg.moovmobility.co/customer/auth/login
2025-02-03 00:30:24,044 - rest_client_new.py -log - INFO - 接口请求方式: POST
2025-02-03 00:30:24,044 - rest_client_new.py -log - INFO - 接口请求的json参数:  
{
    "username": "+12025010704",
    "password": "010704"
}
2025-02-03 00:30:24,045 - rest_client_new.py -log - INFO - 接口请求的请求头:
{
    "Content-Type": "application/json",
    "rental-client-id": "com.rental.user.app.rybit.stg",
    "rental-captcha-token": "RENTAL_CAPTCHA_TOKEN"
}
2025-02-03 00:30:25,869 - rest_client_new.py -log - INFO - 接口的返回内容:>>>
{
    "code": 1000,
    "message": null,
    "data": {
        "token": "ED308F56EA1747DBAD9B87FA167E9E0A",
        "profile": {
            "id": "BXG4",
            "username": "+12025010704",
            "isPasswordSettled": true,
            "nameFirst": "bin",
            "nameLast": "1",
            "name": "bin 1",
            "phoneNo": "+12025010704",
            "isPhoneNoVerified": false,
            "email": "binbin.lai@rybit.io",
            "isEmailVerified": false,
            "whatsapp": null,
            "referralCode": "0KSHB6",
            "agreementAgreedAt": "2025-01-08T03:17:17.982212Z",
            "identityVerificationStatus": null,
            "isMarketingConsented": false,
            "createdAt": "2025-01-07T11:22:46.062532Z",
            "updatedAt": "2025-01-15T05:52:04.688322Z"
        }
    }
}
2025-02-03 00:30:25,922 - conftest.py -log - INFO - 测试结束
2025-02-03 00:32:42,278 - conftest.py -log - INFO - 开始执行测试
2025-02-03 00:32:42,280 - rest_client_new.py -log - INFO - 接口请求的地址: https://api-rental-stg.moovmobility.co/customer/auth/login
2025-02-03 00:32:42,280 - rest_client_new.py -log - INFO - 接口请求方式: POST
2025-02-03 00:32:42,280 - rest_client_new.py -log - INFO - 接口请求的json参数:  
{
    "username": "+12025010704",
    "password": "010704"
}
2025-02-03 00:32:42,280 - rest_client_new.py -log - INFO - 接口请求的请求头:
{
    "Content-Type": "application/json",
    "rental-client-id": "com.rental.user.app.rybit.stg",
    "rental-captcha-token": "RENTAL_CAPTCHA_TOKEN"
}
2025-02-03 00:32:44,209 - rest_client_new.py -log - INFO - 接口的返回内容:>>>
{
    "code": 1000,
    "message": null,
    "data": {
        "token": "85D7DF64488243DCAF55CF8CFB27B0D7",
        "profile": {
            "id": "BXG4",
            "username": "+12025010704",
            "isPasswordSettled": true,
            "nameFirst": "bin",
            "nameLast": "1",
            "name": "bin 1",
            "phoneNo": "+12025010704",
            "isPhoneNoVerified": false,
            "email": "binbin.lai@rybit.io",
            "isEmailVerified": false,
            "whatsapp": null,
            "referralCode": "0KSHB6",
            "agreementAgreedAt": "2025-01-08T03:17:17.982212Z",
            "identityVerificationStatus": null,
            "isMarketingConsented": false,
            "createdAt": "2025-01-07T11:22:46.062532Z",
            "updatedAt": "2025-01-15T05:52:04.688322Z"
        }
    }
}
2025-02-03 00:32:44,213 - rest_client_new.py -log - INFO - 接口请求的地址: https://api-rental-stg.moovmobility.co/customer/me/rental/assets/D5/$inspect
2025-02-03 00:32:44,213 - rest_client_new.py -log - INFO - 接口请求方式: POST
2025-02-03 00:32:44,213 - rest_client_new.py -log - INFO - 接口请求的json参数:  
{
    "geolocation": null
}
2025-02-03 00:32:44,213 - rest_client_new.py -log - INFO - 接口请求的请求头:
{
    "Content-Type": "application/json",
    "rental-client-id": "com.rental.user.app.rybit.stg",
    "rental-captcha-token": "RENTAL_CAPTCHA_TOKEN",
    "Authorization": "Bearer 85D7DF64488243DCAF55CF8CFB27B0D7"
}
2025-02-03 00:32:48,340 - rest_client_new.py -log - INFO - 接口的返回内容:>>>
{
    "code": 1000,
    "message": null,
    "data": {
        "status": "asset-already-rented-out",
        "accountConfig": {
            "enabledInvoice": true
        },
        "rentalConfig": {
            "id": "E8VX",
            "partner": {
                "id": "YX5P",
                "name": "Rybit USA"
            },
            "currency": "USD",
            "customOptions": [
                "allow-control-beep",
                "allow-view-geolocation",
                "allow-control-light",
                "allow-control-lock",
                "allow-control-battery-lock",
                "allow-push-geolocation-checkpoint"
            ],
            "isOpenToJoin": true,
            "userSelfJoinNote": {
                "en": "en-test config for userSelfJoinNote",
                "it": "it-test config for userSelfJoinNote",
                "es": "es-test config for userSelfJoinNote"
            },
            "unavailableNote": {
                "en": "The asset is not able to rent. Please collect other available assets.",
                "it": "Il bene non è in grado di affittare. Si prega di raccogliere altre risorse disponibili.",
                "es": "El activo no se puede alquilar. Recopile otros activos disponibles."
            },
            "userMaxPaymentAmount": 100000.0,
            "contactPhoneNo": null,
            "contactEmailNo": null,
            "createdAt": "2022-04-06T02:36:32.912Z",
            "updatedAt": "2024-12-24T03:17:07.375999Z"
        },
        "program": {
            "id": "YLLG",
            "partnerId": "YX5P",
            "assetCategoryId": "YPQM",
            "depositAmount": 9.99,
            "assetLimit": 10,
            "isAllowedCrossSiteReturn": true,
            "isConfirmRequired": false,
            "isLocationCheckRequired": false,
            "isLockCheckRequired": false,
            "noticeIntl": {
                "en": "",
                "it": "",
                "es": ""
            },
            "depositNoticeIntl": {
                "en": "",
                "it": "",
                "es": ""
            },
            "basePrice": {
                "id": "YPDV",
                "fee": 1.99,
                "time": 60,
                "currency": "USD"
            },
            "plans": [
                {
                    "id": "MXX8",
                    "code": "PT1H",
                    "duration": 60,
                    "discount": null
                },
                {
                    "id": "NPPZ",
                    "code": "P1D",
                    "duration": 1440,
                    "discount": null
                },
                {
                    "id": "3BBX",
                    "code": "P1W",
                    "duration": 10080,
                    "discount": null
                },
                {
                    "id": "KPPG",
                    "code": "P1M",
                    "duration": 43200,
                    "discount": null
                },
                {
                    "id": "5667",
                    "code": "P2M",
                    "duration": 86400,
                    "discount": null
                }
            ]
        },
        "asset": {
            "partnerId": "YX5P",
            "categoryId": "YPQM",
            "no": "D5",
            "location": {
                "siteId": "YVKN",
                "geometry": {
                    "type": "Point",
                    "coordinates": [
                        121.357177734375,
                        31.167705535888672
                    ]
                }
            },
            "modelType": null,
            "iot": null,
            "geolocation": null,
            "lease": null
        }
    }
}
2025-02-03 00:32:48,345 - conftest.py -log - INFO - 测试结束
2025-02-03 00:50:00,916 - conftest.py -log - INFO - 开始执行测试
2025-02-03 00:50:00,918 - rest_client_new.py -log - INFO - 接口请求的地址: https://api-rental-stg.moovmobility.co/customer/auth/login
2025-02-03 00:50:00,918 - rest_client_new.py -log - INFO - 接口请求方式: POST
2025-02-03 00:50:00,918 - rest_client_new.py -log - INFO - 接口请求的json参数:  
{
    "username": "+12025010704",
    "password": "010704"
}
2025-02-03 00:50:00,918 - rest_client_new.py -log - INFO - 接口请求的请求头:
{
    "Content-Type": "application/json",
    "rental-client-id": "com.rental.user.app.rybit.stg",
    "rental-captcha-token": "RENTAL_CAPTCHA_TOKEN"
}
2025-02-03 00:50:02,777 - rest_client_new.py -log - INFO - 接口的返回内容:>>>
{
    "code": 1000,
    "message": null,
    "data": {
        "token": "0497C18703574C648485A483BA6D728E",
        "profile": {
            "id": "BXG4",
            "username": "+12025010704",
            "isPasswordSettled": true,
            "nameFirst": "bin",
            "nameLast": "1",
            "name": "bin 1",
            "phoneNo": "+12025010704",
            "isPhoneNoVerified": false,
            "email": "binbin.lai@rybit.io",
            "isEmailVerified": false,
            "whatsapp": null,
            "referralCode": "0KSHB6",
            "agreementAgreedAt": "2025-01-08T03:17:17.982212Z",
            "identityVerificationStatus": null,
            "isMarketingConsented": false,
            "createdAt": "2025-01-07T11:22:46.062532Z",
            "updatedAt": "2025-01-15T05:52:04.688322Z"
        }
    }
}
2025-02-03 00:50:02,781 - rest_client_new.py -log - INFO - 接口请求的地址: https://api-rental-stg.moovmobility.co/customer/me/rental/assets/D5/$inspect
2025-02-03 00:50:02,782 - rest_client_new.py -log - INFO - 接口请求方式: POST
2025-02-03 00:50:02,782 - rest_client_new.py -log - INFO - 接口请求的json参数:  
{
    "geolocation": null
}
2025-02-03 00:50:02,782 - rest_client_new.py -log - INFO - 接口请求的请求头:
{
    "Content-Type": "application/json",
    "rental-client-id": "com.rental.user.app.rybit.stg",
    "rental-captcha-token": "RENTAL_CAPTCHA_TOKEN",
    "Authorization": "Bearer 0497C18703574C648485A483BA6D728E"
}
2025-02-03 00:50:04,821 - rest_client_new.py -log - INFO - 接口的返回内容:>>>
{
    "code": 1000,
    "message": null,
    "data": {
        "status": "asset-already-rented-out",
        "accountConfig": {
            "enabledInvoice": true
        },
        "rentalConfig": {
            "id": "E8VX",
            "partner": {
                "id": "YX5P",
                "name": "Rybit USA"
            },
            "currency": "USD",
            "customOptions": [
                "allow-control-beep",
                "allow-view-geolocation",
                "allow-control-light",
                "allow-control-lock",
                "allow-control-battery-lock",
                "allow-push-geolocation-checkpoint"
            ],
            "isOpenToJoin": true,
            "userSelfJoinNote": {
                "en": "en-test config for userSelfJoinNote",
                "it": "it-test config for userSelfJoinNote",
                "es": "es-test config for userSelfJoinNote"
            },
            "unavailableNote": {
                "en": "The asset is not able to rent. Please collect other available assets.",
                "it": "Il bene non è in grado di affittare. Si prega di raccogliere altre risorse disponibili.",
                "es": "El activo no se puede alquilar. Recopile otros activos disponibles."
            },
            "userMaxPaymentAmount": 100000.0,
            "contactPhoneNo": null,
            "contactEmailNo": null,
            "createdAt": "2022-04-06T02:36:32.912Z",
            "updatedAt": "2024-12-24T03:17:07.375999Z"
        },
        "program": {
            "id": "YLLG",
            "partnerId": "YX5P",
            "assetCategoryId": "YPQM",
            "depositAmount": 9.99,
            "assetLimit": 10,
            "isAllowedCrossSiteReturn": true,
            "isConfirmRequired": false,
            "isLocationCheckRequired": false,
            "isLockCheckRequired": false,
            "noticeIntl": {
                "en": "",
                "it": "",
                "es": ""
            },
            "depositNoticeIntl": {
                "en": "",
                "it": "",
                "es": ""
            },
            "basePrice": {
                "id": "YPDV",
                "fee": 1.99,
                "time": 60,
                "currency": "USD"
            },
            "plans": [
                {
                    "id": "MXX8",
                    "code": "PT1H",
                    "duration": 60,
                    "discount": null
                },
                {
                    "id": "NPPZ",
                    "code": "P1D",
                    "duration": 1440,
                    "discount": null
                },
                {
                    "id": "3BBX",
                    "code": "P1W",
                    "duration": 10080,
                    "discount": null
                },
                {
                    "id": "KPPG",
                    "code": "P1M",
                    "duration": 43200,
                    "discount": null
                },
                {
                    "id": "5667",
                    "code": "P2M",
                    "duration": 86400,
                    "discount": null
                }
            ]
        },
        "asset": {
            "partnerId": "YX5P",
            "categoryId": "YPQM",
            "no": "D5",
            "location": {
                "siteId": "YVKN",
                "geometry": {
                    "type": "Point",
                    "coordinates": [
                        121.357177734375,
                        31.167705535888672
                    ]
                }
            },
            "modelType": null,
            "iot": null,
            "geolocation": null,
            "lease": null
        }
    }
}
2025-02-03 00:50:04,825 - conftest.py -log - INFO - 测试结束
2025-02-03 00:57:44,621 - conftest.py -log - INFO - 开始执行测试
2025-02-03 00:57:44,625 - rest_client_new.py -log - INFO - 接口请求的地址: https://api-rental-stg.moovmobility.co/customer/me/rental/assets/D5/$inspect
2025-02-03 00:57:44,625 - rest_client_new.py -log - INFO - 接口请求方式: POST
2025-02-03 00:57:44,625 - rest_client_new.py -log - INFO - 接口请求的json参数:  
{
    "geolocation": null
}
2025-02-03 00:57:44,626 - rest_client_new.py -log - INFO - 接口请求的请求头:
{
    "Content-Type": "application/json",
    "rental-client-id": "com.rental.user.app.rybit.stg",
    "rental-captcha-token": "RENTAL_CAPTCHA_TOKEN"
}
2025-02-03 00:57:46,558 - rest_client_new.py -log - INFO - 接口的返回内容:>>>
{
    "code": 14000,
    "type": "BadRequest",
    "messageId": null,
    "message": "Header 'Rental-Customer-Id' is required.",
    "details": [],
    "data": null
}
2025-02-03 00:57:46,608 - conftest.py -log - INFO - 测试结束
2025-02-03 00:59:20,306 - conftest.py -log - INFO - 开始执行测试
2025-02-03 00:59:20,309 - rest_client_new.py -log - INFO - 接口请求的地址: https://api-rental-stg.moovmobility.co/customer/me/rental/assets/D5/$inspect
2025-02-03 00:59:20,309 - rest_client_new.py -log - INFO - 接口请求方式: POST
2025-02-03 00:59:20,309 - rest_client_new.py -log - INFO - 接口请求的json参数:  
{
    "geolocation": null
}
2025-02-03 00:59:20,309 - rest_client_new.py -log - INFO - 接口请求的请求头:
{
    "Content-Type": "application/json",
    "rental-client-id": "com.rental.user.app.rybit.stg",
    "rental-captcha-token": "RENTAL_CAPTCHA_TOKEN"
}
2025-02-03 00:59:23,697 - rest_client_new.py -log - INFO - 接口的返回内容:>>>
{
    "code": 14000,
    "type": "BadRequest",
    "messageId": null,
    "message": "Header 'Rental-Customer-Id' is required.",
    "details": [],
    "data": null
}
2025-02-03 00:59:23,760 - conftest.py -log - INFO - 测试结束
2025-02-03 01:00:54,873 - conftest.py -log - INFO - 开始执行测试
2025-02-03 01:00:54,877 - rest_client_new.py -log - INFO - 接口请求的地址: https://api-rental-stg.moovmobility.co/customer/me/rental/assets/D5/$inspect
2025-02-03 01:00:54,877 - rest_client_new.py -log - INFO - 接口请求方式: POST
2025-02-03 01:00:54,877 - rest_client_new.py -log - INFO - 接口请求的json参数:  
{
    "geolocation": null
}
2025-02-03 01:00:54,877 - rest_client_new.py -log - INFO - 接口请求的请求头:
{
    "Content-Type": "application/json",
    "rental-client-id": "com.rental.user.app.rybit.stg",
    "rental-captcha-token": "RENTAL_CAPTCHA_TOKEN"
}
2025-02-03 01:00:58,246 - rest_client_new.py -log - INFO - 接口的返回内容:>>>
{
    "code": 14000,
    "type": "BadRequest",
    "messageId": null,
    "message": "Header 'Rental-Customer-Id' is required.",
    "details": [],
    "data": null
}
2025-02-03 01:00:58,305 - conftest.py -log - INFO - 测试结束
2025-02-03 01:02:13,097 - conftest.py -log - INFO - 开始执行测试
2025-02-03 01:02:13,099 - rest_client_new.py -log - INFO - 接口请求的地址: https://api-rental-stg.moovmobility.co/customer/auth/login
2025-02-03 01:02:13,099 - rest_client_new.py -log - INFO - 接口请求方式: POST
2025-02-03 01:02:13,099 - rest_client_new.py -log - INFO - 接口请求的json参数:  
{
    "username": "+12025010704",
    "password": "010704"
}
2025-02-03 01:02:13,099 - rest_client_new.py -log - INFO - 接口请求的请求头:
{
    "Content-Type": "application/json",
    "rental-client-id": "com.rental.user.app.rybit.stg",
    "rental-captcha-token": "RENTAL_CAPTCHA_TOKEN"
}
2025-02-03 01:02:16,582 - rest_client_new.py -log - INFO - 接口的返回内容:>>>
{
    "code": 1000,
    "message": null,
    "data": {
        "token": "2985E28AF96A47A9B66372ABEC1343D1",
        "profile": {
            "id": "BXG4",
            "username": "+12025010704",
            "isPasswordSettled": true,
            "nameFirst": "bin",
            "nameLast": "1",
            "name": "bin 1",
            "phoneNo": "+12025010704",
            "isPhoneNoVerified": false,
            "email": "binbin.lai@rybit.io",
            "isEmailVerified": false,
            "whatsapp": null,
            "referralCode": "0KSHB6",
            "agreementAgreedAt": "2025-01-08T03:17:17.982212Z",
            "identityVerificationStatus": null,
            "isMarketingConsented": false,
            "createdAt": "2025-01-07T11:22:46.062532Z",
            "updatedAt": "2025-01-15T05:52:04.688322Z"
        }
    }
}
2025-02-03 01:02:16,591 - rest_client_new.py -log - INFO - 接口请求的地址: https://api-rental-stg.moovmobility.co/customer/me/rental/assets/D5/$inspect
2025-02-03 01:02:16,591 - rest_client_new.py -log - INFO - 接口请求方式: POST
2025-02-03 01:02:16,591 - rest_client_new.py -log - INFO - 接口请求的json参数:  
{
    "geolocation": null
}
2025-02-03 01:02:16,591 - rest_client_new.py -log - INFO - 接口请求的请求头:
{
    "Content-Type": "application/json",
    "rental-client-id": "com.rental.user.app.rybit.stg",
    "rental-captcha-token": "RENTAL_CAPTCHA_TOKEN",
    "Authorization": "Bearer 2985E28AF96A47A9B66372ABEC1343D1"
}
2025-02-03 01:02:19,616 - rest_client_new.py -log - INFO - 接口的返回内容:>>>
{
    "code": 1000,
    "message": null,
    "data": {
        "status": "asset-already-rented-out",
        "accountConfig": {
            "enabledInvoice": true
        },
        "rentalConfig": {
            "id": "E8VX",
            "partner": {
                "id": "YX5P",
                "name": "Rybit USA"
            },
            "currency": "USD",
            "customOptions": [
                "allow-control-beep",
                "allow-view-geolocation",
                "allow-control-light",
                "allow-control-lock",
                "allow-control-battery-lock",
                "allow-push-geolocation-checkpoint"
            ],
            "isOpenToJoin": true,
            "userSelfJoinNote": {
                "en": "en-test config for userSelfJoinNote",
                "it": "it-test config for userSelfJoinNote",
                "es": "es-test config for userSelfJoinNote"
            },
            "unavailableNote": {
                "en": "The asset is not able to rent. Please collect other available assets.",
                "it": "Il bene non è in grado di affittare. Si prega di raccogliere altre risorse disponibili.",
                "es": "El activo no se puede alquilar. Recopile otros activos disponibles."
            },
            "userMaxPaymentAmount": 100000.0,
            "contactPhoneNo": null,
            "contactEmailNo": null,
            "createdAt": "2022-04-06T02:36:32.912Z",
            "updatedAt": "2024-12-24T03:17:07.375999Z"
        },
        "program": {
            "id": "YLLG",
            "partnerId": "YX5P",
            "assetCategoryId": "YPQM",
            "depositAmount": 9.99,
            "assetLimit": 10,
            "isAllowedCrossSiteReturn": true,
            "isConfirmRequired": false,
            "isLocationCheckRequired": false,
            "isLockCheckRequired": false,
            "noticeIntl": {
                "en": "",
                "it": "",
                "es": ""
            },
            "depositNoticeIntl": {
                "en": "",
                "it": "",
                "es": ""
            },
            "basePrice": {
                "id": "YPDV",
                "fee": 1.99,
                "time": 60,
                "currency": "USD"
            },
            "plans": [
                {
                    "id": "MXX8",
                    "code": "PT1H",
                    "duration": 60,
                    "discount": null
                },
                {
                    "id": "NPPZ",
                    "code": "P1D",
                    "duration": 1440,
                    "discount": null
                },
                {
                    "id": "3BBX",
                    "code": "P1W",
                    "duration": 10080,
                    "discount": null
                },
                {
                    "id": "KPPG",
                    "code": "P1M",
                    "duration": 43200,
                    "discount": null
                },
                {
                    "id": "5667",
                    "code": "P2M",
                    "duration": 86400,
                    "discount": null
                }
            ]
        },
        "asset": {
            "partnerId": "YX5P",
            "categoryId": "YPQM",
            "no": "D5",
            "location": {
                "siteId": "YVKN",
                "geometry": {
                    "type": "Point",
                    "coordinates": [
                        121.357177734375,
                        31.167705535888672
                    ]
                }
            },
            "modelType": null,
            "iot": null,
            "geolocation": null,
            "lease": null
        }
    }
}
2025-02-03 01:02:19,619 - conftest.py -log - INFO - 测试结束
2025-02-03 01:03:58,734 - conftest.py -log - INFO - 开始执行测试
2025-02-03 01:03:58,738 - rest_client_new.py -log - INFO - 接口请求的地址: https://api-rental-stg.moovmobility.co/customer/me/rental/assets/D5/$inspect
2025-02-03 01:03:58,738 - rest_client_new.py -log - INFO - 接口请求方式: POST
2025-02-03 01:03:58,738 - rest_client_new.py -log - INFO - 接口请求的json参数:  
{
    "geolocation": null
}
2025-02-03 01:03:58,738 - rest_client_new.py -log - INFO - 接口请求的请求头:
{
    "Content-Type": "application/json",
    "rental-client-id": "com.rental.user.app.rybit.stg",
    "rental-captcha-token": "RENTAL_CAPTCHA_TOKEN"
}
2025-02-03 01:04:01,741 - rest_client_new.py -log - INFO - 接口的返回内容:>>>
{
    "code": 14000,
    "type": "BadRequest",
    "messageId": null,
    "message": "Header 'Rental-Customer-Id' is required.",
    "details": [],
    "data": null
}
2025-02-03 01:04:01,803 - conftest.py -log - INFO - 测试结束
2025-02-03 01:13:42,230 - conftest.py -log - INFO - 开始执行测试
2025-02-03 01:13:42,234 - rest_client_new.py -log - INFO - 接口请求的地址: https://api-rental-stg.moovmobility.co/customer/auth/login
2025-02-03 01:13:42,234 - rest_client_new.py -log - INFO - 接口请求方式: POST
2025-02-03 01:13:42,234 - rest_client_new.py -log - INFO - 接口请求的json参数:  
{
    "username": "+12025010704",
    "password": "010704"
}
2025-02-03 01:13:42,234 - rest_client_new.py -log - INFO - 接口请求的请求头:
{
    "Content-Type": "application/json",
    "rental-client-id": "com.rental.user.app.rybit.stg",
    "rental-captcha-token": "RENTAL_CAPTCHA_TOKEN"
}
2025-02-03 01:13:44,205 - rest_client_new.py -log - INFO - 接口的返回内容:>>>
{
    "code": 1000,
    "message": null,
    "data": {
        "token": "373785EC0DE840A2860B82F7639BF98A",
        "profile": {
            "id": "BXG4",
            "username": "+12025010704",
            "isPasswordSettled": true,
            "nameFirst": "bin",
            "nameLast": "1",
            "name": "bin 1",
            "phoneNo": "+12025010704",
            "isPhoneNoVerified": false,
            "email": "binbin.lai@rybit.io",
            "isEmailVerified": false,
            "whatsapp": null,
            "referralCode": "0KSHB6",
            "agreementAgreedAt": "2025-01-08T03:17:17.982212Z",
            "identityVerificationStatus": null,
            "isMarketingConsented": false,
            "createdAt": "2025-01-07T11:22:46.062532Z",
            "updatedAt": "2025-01-15T05:52:04.688322Z"
        }
    }
}
2025-02-03 01:13:44,213 - rest_client_new.py -log - INFO - 接口请求的地址: https://api-rental-stg.moovmobility.co/customer/me/rental/assets/D5/$inspect
2025-02-03 01:13:44,213 - rest_client_new.py -log - INFO - 接口请求方式: POST
2025-02-03 01:13:44,213 - rest_client_new.py -log - INFO - 接口请求的json参数:  
{
    "geolocation": null
}
2025-02-03 01:13:44,213 - rest_client_new.py -log - INFO - 接口请求的请求头:
{
    "Content-Type": "application/json",
    "rental-client-id": "com.rental.user.app.rybit.stg",
    "rental-captcha-token": "RENTAL_CAPTCHA_TOKEN",
    "Authorization": "Bearer 373785EC0DE840A2860B82F7639BF98A"
}
2025-02-03 01:13:46,121 - rest_client_new.py -log - INFO - 接口的返回内容:>>>
{
    "code": 1000,
    "message": null,
    "data": {
        "status": "asset-already-rented-out",
        "accountConfig": {
            "enabledInvoice": true
        },
        "rentalConfig": {
            "id": "E8VX",
            "partner": {
                "id": "YX5P",
                "name": "Rybit USA"
            },
            "currency": "USD",
            "customOptions": [
                "allow-control-beep",
                "allow-view-geolocation",
                "allow-control-light",
                "allow-control-lock",
                "allow-control-battery-lock",
                "allow-push-geolocation-checkpoint"
            ],
            "isOpenToJoin": true,
            "userSelfJoinNote": {
                "en": "en-test config for userSelfJoinNote",
                "it": "it-test config for userSelfJoinNote",
                "es": "es-test config for userSelfJoinNote"
            },
            "unavailableNote": {
                "en": "The asset is not able to rent. Please collect other available assets.",
                "it": "Il bene non è in grado di affittare. Si prega di raccogliere altre risorse disponibili.",
                "es": "El activo no se puede alquilar. Recopile otros activos disponibles."
            },
            "userMaxPaymentAmount": 100000.0,
            "contactPhoneNo": null,
            "contactEmailNo": null,
            "createdAt": "2022-04-06T02:36:32.912Z",
            "updatedAt": "2024-12-24T03:17:07.375999Z"
        },
        "program": {
            "id": "YLLG",
            "partnerId": "YX5P",
            "assetCategoryId": "YPQM",
            "depositAmount": 9.99,
            "assetLimit": 10,
            "isAllowedCrossSiteReturn": true,
            "isConfirmRequired": false,
            "isLocationCheckRequired": false,
            "isLockCheckRequired": false,
            "noticeIntl": {
                "en": "",
                "it": "",
                "es": ""
            },
            "depositNoticeIntl": {
                "en": "",
                "it": "",
                "es": ""
            },
            "basePrice": {
                "id": "YPDV",
                "fee": 1.99,
                "time": 60,
                "currency": "USD"
            },
            "plans": [
                {
                    "id": "MXX8",
                    "code": "PT1H",
                    "duration": 60,
                    "discount": null
                },
                {
                    "id": "NPPZ",
                    "code": "P1D",
                    "duration": 1440,
                    "discount": null
                },
                {
                    "id": "3BBX",
                    "code": "P1W",
                    "duration": 10080,
                    "discount": null
                },
                {
                    "id": "KPPG",
                    "code": "P1M",
                    "duration": 43200,
                    "discount": null
                },
                {
                    "id": "5667",
                    "code": "P2M",
                    "duration": 86400,
                    "discount": null
                }
            ]
        },
        "asset": {
            "partnerId": "YX5P",
            "categoryId": "YPQM",
            "no": "D5",
            "location": {
                "siteId": "YVKN",
                "geometry": {
                    "type": "Point",
                    "coordinates": [
                        121.357177734375,
                        31.167705535888672
                    ]
                }
            },
            "modelType": null,
            "iot": null,
            "geolocation": null,
            "lease": null
        }
    }
}
2025-02-03 01:13:46,127 - conftest.py -log - INFO - 测试结束
2025-02-03 10:53:18,395 - conftest.py -log - INFO - 开始执行测试
2025-02-03 10:53:18,399 - Postgresql_utils.py -log - INFO - 执行sql: update customer_customer set is_archived = true WHERE phone_no = '+12025000001'
2025-02-03 10:53:18,990 - conftest.py -log - INFO - sql执行结果：None
2025-02-03 10:53:18,993 - rest_client_new.py -log - INFO - 接口请求的地址: https://api-rental-stg.moovmobility.co/customer/registry/register
2025-02-03 10:53:18,993 - rest_client_new.py -log - INFO - 接口请求方式: POST
2025-02-03 10:53:18,994 - rest_client_new.py -log - INFO - 接口请求的json参数:  
{
    "phoneNo": "+12025000001",
    "isMarketingConsented": true
}
2025-02-03 10:53:18,994 - rest_client_new.py -log - INFO - 接口请求的请求头:
{
    "Content-Type": "application/json",
    "rental-client-id": "com.rental.user.app.rybit.stg",
    "rental-captcha-token": "RENTAL_CAPTCHA_TOKEN"
}
2025-02-03 10:53:19,124 - conftest.py -log - INFO - 测试结束
2025-02-03 10:53:19,130 - conftest.py -log - INFO - 开始执行测试
2025-02-03 10:53:19,134 - rest_client_new.py -log - INFO - 接口请求的地址: https://api-rental-stg.moovmobility.co/customer/registry/verify
2025-02-03 10:53:19,135 - rest_client_new.py -log - INFO - 接口请求方式: POST
2025-02-03 10:53:19,135 - rest_client_new.py -log - INFO - 接口请求的json参数:  
{
    "verificationCode": "123456",
    "registrationToken": "eyJhbGciOiJIUzI1NiJ9.eyJpc3MiOiJSYWJpdC1jdXN0b21lciIsImlhdCI6MTczODUxMjYwNiwiZXhwIjoxNzM4NTE0NDA2LCJyYXdJZCI6MTI1Mn0.RMo1_od1NPRvZqC-AZZy_bgGGtSGA1UHCYpoPMwFEcg"
}
2025-02-03 10:53:19,135 - rest_client_new.py -log - INFO - 接口请求的请求头:
{
    "Content-Type": "application/json",
    "rental-client-id": "com.rental.user.app.rybit.stg",
    "rental-captcha-token": "RENTAL_CAPTCHA_TOKEN"
}
2025-02-03 10:53:19,194 - conftest.py -log - INFO - 测试结束
