2025-02-09 20:36:43,623 - conftest.py -log - INFO - 开始执行测试
2025-02-09 20:36:43,628 - rest_client_new.py -log - INFO - 接口请求的地址: https://api-rental-stg.moovmobility.co/customer/registry/register
2025-02-09 20:36:43,628 - rest_client_new.py -log - INFO - 接口请求方式: POST
2025-02-09 20:36:43,628 - rest_client_new.py -log - INFO - 接口请求的json参数:  
{
    "phoneNo": "+12025000001",
    "isMarketingConsented": true
}
2025-02-09 20:36:43,628 - rest_client_new.py -log - INFO - 接口请求的请求头:
{
    "Content-Type": "application/json",
    "rental-client-id": "com.rental.user.app.rybit.stg",
    "rental-captcha-token": "RENTAL_CAPTCHA_TOKEN"
}
2025-02-09 20:36:44,214 - rest_client_new.py -log - INFO - 接口的返回内容:>>>
{
    "code": 1000,
    "message": null,
    "data": {
        "registrationToken": "eyJhbGciOiJIUzI1NiJ9.eyJpc3MiOiJSYWJpdC1jdXN0b21lciIsImlhdCI6MTczOTEwNDYwNCwiZXhwIjoxNzM5MTA2NDA0LCJyYXdJZCI6MTI5Nn0.G_MWLiGG4tG72xlaT1St4Sb0ZUYAVhqsIjzQ8EB40ek"
    }
}
2025-02-09 20:36:44,220 - conftest.py -log - INFO - 测试结束
2025-02-09 20:36:50,386 - conftest.py -log - INFO - 开始执行测试
2025-02-09 20:36:50,392 - rest_client_new.py -log - INFO - 接口请求的地址: https://api-rental-stg.moovmobility.co/customer/registry/verify
2025-02-09 20:36:50,392 - rest_client_new.py -log - INFO - 接口请求方式: POST
2025-02-09 20:36:50,392 - rest_client_new.py -log - INFO - 接口请求的json参数:  
{
    "verificationCode": "123456",
    "registrationToken": "eyJhbGciOiJIUzI1NiJ9.eyJpc3MiOiJSYWJpdC1jdXN0b21lciIsImlhdCI6MTczOTEwNDYwNCwiZXhwIjoxNzM5MTA2NDA0LCJyYXdJZCI6MTI5Nn0.G_MWLiGG4tG72xlaT1St4Sb0ZUYAVhqsIjzQ8EB40ek"
}
2025-02-09 20:36:50,392 - rest_client_new.py -log - INFO - 接口请求的请求头:
{
    "Content-Type": "application/json",
    "rental-client-id": "com.rental.user.app.rybit.stg",
    "rental-captcha-token": "RENTAL_CAPTCHA_TOKEN"
}
2025-02-09 20:36:51,059 - rest_client_new.py -log - INFO - 接口的返回内容:>>>
{
    "code": 1000,
    "message": null,
    "data": {
        "newCustomerAccessToken": "78B1C2764CCE4A058B1BC8228A887E92",
        "newCustomerPassword": "638936"
    }
}
2025-02-09 20:36:51,064 - conftest.py -log - INFO - 测试结束
2025-02-09 20:43:07,866 - conftest.py -log - INFO - 开始执行测试
2025-02-09 20:43:07,874 - rest_client_new.py -log - INFO - 接口请求的地址: https://api-rental-stg.moovmobility.co/customer/me/payment/availableProviders
2025-02-09 20:43:07,874 - rest_client_new.py -log - INFO - 接口请求方式: GET
2025-02-09 20:43:07,874 - rest_client_new.py -log - INFO - 接口请求的请求头:
{
    "Content-Type": "application/json",
    "rental-client-id": "com.rental.user.app.rybit.stg",
    "rental-captcha-token": "RENTAL_CAPTCHA_TOKEN",
    "Authorization": "Bearer 78B1C2764CCE4A058B1BC8228A887E92"
}
2025-02-09 20:43:09,616 - rest_client_new.py -log - INFO - 接口的返回内容:>>>
{
    "code": 1000,
    "message": null,
    "data": [
        {
            "id": "E8XY",
            "option": {
                "stripeKeyPublic": "pk_test_51JLYaZGvq4E0WjAYOiJX33Ci7KnnITbQHEnXVJVbztuYOoAt2MzCWNRAW0xEl2yKZVnSJ4I2ju6N8McnFHS84vI900EwTKQly8"
            },
            "type": "stripe",
            "createdAt": "2023-03-28T02:57:10.969698Z",
            "updatedAt": "2023-03-28T02:57:10.969698Z",
            "isArchived": false
        }
    ]
}
2025-02-09 20:43:09,620 - conftest.py -log - INFO - 测试结束
2025-02-09 20:44:18,625 - conftest.py -log - INFO - 开始执行测试
2025-02-09 20:44:18,632 - rest_client_new.py -log - INFO - 接口请求的地址: https://api-rental-stg.moovmobility.co/customer/me/payment/availableProviders
2025-02-09 20:44:18,632 - rest_client_new.py -log - INFO - 接口请求方式: GET
2025-02-09 20:44:18,633 - rest_client_new.py -log - INFO - 接口请求的请求头:
{
    "Content-Type": "application/json",
    "rental-client-id": "com.rental.user.app.rybit.stg",
    "rental-captcha-token": "RENTAL_CAPTCHA_TOKEN",
    "Authorization": "Bearer 78B1C2764CCE4A058B1BC8228A887E92"
}
2025-02-09 20:44:19,336 - rest_client_new.py -log - INFO - 接口的返回内容:>>>
{
    "code": 1000,
    "message": null,
    "data": [
        {
            "id": "E8XY",
            "option": {
                "stripeKeyPublic": "pk_test_51JLYaZGvq4E0WjAYOiJX33Ci7KnnITbQHEnXVJVbztuYOoAt2MzCWNRAW0xEl2yKZVnSJ4I2ju6N8McnFHS84vI900EwTKQly8"
            },
            "type": "stripe",
            "createdAt": "2023-03-28T02:57:10.969698Z",
            "updatedAt": "2023-03-28T02:57:10.969698Z",
            "isArchived": false
        }
    ]
}
2025-02-09 20:44:19,337 - ExtractUtils.py -log - ERROR - 变量[registrationToken]写入extract.yaml文件失败：请检查error信息：object of type 'bool' has no len()
2025-02-09 20:44:19,337 - ExtractUtils.py -log - ERROR - 变量[newCustomerPassword]写入extract.yaml文件失败：请检查error信息：object of type 'bool' has no len()
2025-02-09 20:44:19,340 - conftest.py -log - INFO - 测试结束
2025-02-09 20:47:23,482 - conftest.py -log - INFO - 开始执行测试
2025-02-09 20:47:23,489 - rest_client_new.py -log - INFO - 接口请求的地址: https://api-rental-stg.moovmobility.co/customer/me/payment/availableProviders
2025-02-09 20:47:23,489 - rest_client_new.py -log - INFO - 接口请求方式: GET
2025-02-09 20:47:23,490 - rest_client_new.py -log - INFO - 接口请求的请求头:
{
    "Content-Type": "application/json",
    "rental-client-id": "com.rental.user.app.rybit.stg",
    "rental-captcha-token": "RENTAL_CAPTCHA_TOKEN",
    "Authorization": "Bearer 78B1C2764CCE4A058B1BC8228A887E92"
}
2025-02-09 20:47:24,088 - rest_client_new.py -log - INFO - 接口的返回内容:>>>
{
    "code": 1000,
    "message": null,
    "data": [
        {
            "id": "E8XY",
            "option": {
                "stripeKeyPublic": "pk_test_51JLYaZGvq4E0WjAYOiJX33Ci7KnnITbQHEnXVJVbztuYOoAt2MzCWNRAW0xEl2yKZVnSJ4I2ju6N8McnFHS84vI900EwTKQly8"
            },
            "type": "stripe",
            "createdAt": "2023-03-28T02:57:10.969698Z",
            "updatedAt": "2023-03-28T02:57:10.969698Z",
            "isArchived": false
        }
    ]
}
2025-02-09 20:47:24,090 - ExtractUtils.py -log - ERROR - 变量[providers_id]写入extract.yaml文件失败：请检查error信息：object of type 'bool' has no len()
2025-02-09 20:47:24,090 - ExtractUtils.py -log - ERROR - 变量[providers_Public_key]写入extract.yaml文件失败：请检查error信息：object of type 'bool' has no len()
2025-02-09 20:47:24,093 - conftest.py -log - INFO - 测试结束
2025-02-09 20:53:05,443 - conftest.py -log - INFO - 开始执行测试
2025-02-09 20:53:05,451 - rest_client_new.py -log - INFO - 接口请求的地址: https://api-rental-stg.moovmobility.co/customer/me/payment/availableProviders
2025-02-09 20:53:05,451 - rest_client_new.py -log - INFO - 接口请求方式: GET
2025-02-09 20:53:05,452 - rest_client_new.py -log - INFO - 接口请求的请求头:
{
    "Content-Type": "application/json",
    "rental-client-id": "com.rental.user.app.rybit.stg",
    "rental-captcha-token": "RENTAL_CAPTCHA_TOKEN",
    "Authorization": "Bearer 78B1C2764CCE4A058B1BC8228A887E92"
}
2025-02-09 20:53:06,111 - rest_client_new.py -log - INFO - 接口的返回内容:>>>
{
    "code": 1000,
    "message": null,
    "data": [
        {
            "id": "E8XY",
            "option": {
                "stripeKeyPublic": "pk_test_51JLYaZGvq4E0WjAYOiJX33Ci7KnnITbQHEnXVJVbztuYOoAt2MzCWNRAW0xEl2yKZVnSJ4I2ju6N8McnFHS84vI900EwTKQly8"
            },
            "type": "stripe",
            "createdAt": "2023-03-28T02:57:10.969698Z",
            "updatedAt": "2023-03-28T02:57:10.969698Z",
            "isArchived": false
        }
    ]
}
2025-02-09 20:53:06,112 - ExtractUtils.py -log - ERROR - 变量[id1]写入extract.yaml文件失败：请检查error信息：object of type 'bool' has no len()
2025-02-09 20:53:06,113 - ExtractUtils.py -log - ERROR - 变量[id2]写入extract.yaml文件失败：请检查error信息：object of type 'bool' has no len()
2025-02-09 20:53:06,115 - conftest.py -log - INFO - 测试结束
2025-02-09 21:00:54,756 - conftest.py -log - INFO - 开始执行测试
2025-02-09 21:00:54,763 - rest_client_new.py -log - INFO - 接口请求的地址: https://api-rental-stg.moovmobility.co/customer/me/payment/availableProviders
2025-02-09 21:00:54,763 - rest_client_new.py -log - INFO - 接口请求方式: GET
2025-02-09 21:00:54,763 - rest_client_new.py -log - INFO - 接口请求的请求头:
{
    "Content-Type": "application/json",
    "rental-client-id": "com.rental.user.app.rybit.stg",
    "rental-captcha-token": "RENTAL_CAPTCHA_TOKEN",
    "Authorization": "Bearer 78B1C2764CCE4A058B1BC8228A887E92"
}
2025-02-09 21:00:55,408 - rest_client_new.py -log - INFO - 接口的返回内容:>>>
{
    "code": 1000,
    "message": null,
    "data": [
        {
            "id": "E8XY",
            "option": {
                "stripeKeyPublic": "pk_test_51JLYaZGvq4E0WjAYOiJX33Ci7KnnITbQHEnXVJVbztuYOoAt2MzCWNRAW0xEl2yKZVnSJ4I2ju6N8McnFHS84vI900EwTKQly8"
            },
            "type": "stripe",
            "createdAt": "2023-03-28T02:57:10.969698Z",
            "updatedAt": "2023-03-28T02:57:10.969698Z",
            "isArchived": false
        }
    ]
}
2025-02-09 21:00:55,408 - ExtractUtils.py -log - ERROR - 变量[id1]写入extract.yaml文件失败：请检查error信息：object of type 'bool' has no len()
2025-02-09 21:00:55,408 - ExtractUtils.py -log - ERROR - 变量[id2]写入extract.yaml文件失败：请检查error信息：object of type 'bool' has no len()
2025-02-09 21:00:55,411 - conftest.py -log - INFO - 测试结束
2025-02-09 21:07:45,014 - conftest.py -log - INFO - 开始执行测试
2025-02-09 21:07:45,020 - rest_client_new.py -log - INFO - 接口请求的地址: https://api-rental-stg.moovmobility.co/customer/me/payment/availableProviders
2025-02-09 21:07:45,020 - rest_client_new.py -log - INFO - 接口请求方式: GET
2025-02-09 21:07:45,020 - rest_client_new.py -log - INFO - 接口请求的请求头:
{
    "Content-Type": "application/json",
    "rental-client-id": "com.rental.user.app.rybit.stg",
    "rental-captcha-token": "RENTAL_CAPTCHA_TOKEN",
    "Authorization": "Bearer 78B1C2764CCE4A058B1BC8228A887E92"
}
2025-02-09 21:07:45,630 - rest_client_new.py -log - INFO - 接口的返回内容:>>>
{
    "code": 1000,
    "message": null,
    "data": [
        {
            "id": "E8XY",
            "option": {
                "stripeKeyPublic": "pk_test_51JLYaZGvq4E0WjAYOiJX33Ci7KnnITbQHEnXVJVbztuYOoAt2MzCWNRAW0xEl2yKZVnSJ4I2ju6N8McnFHS84vI900EwTKQly8"
            },
            "type": "stripe",
            "createdAt": "2023-03-28T02:57:10.969698Z",
            "updatedAt": "2023-03-28T02:57:10.969698Z",
            "isArchived": false
        }
    ]
}
2025-02-09 21:07:45,645 - conftest.py -log - INFO - 测试结束
2025-02-09 21:08:47,310 - conftest.py -log - INFO - 开始执行测试
2025-02-09 21:08:47,318 - rest_client_new.py -log - INFO - 接口请求的地址: https://api-rental-stg.moovmobility.co/customer/me/payment/availableProviders
2025-02-09 21:08:47,318 - rest_client_new.py -log - INFO - 接口请求方式: GET
2025-02-09 21:08:47,319 - rest_client_new.py -log - INFO - 接口请求的请求头:
{
    "Content-Type": "application/json",
    "rental-client-id": "com.rental.user.app.rybit.stg",
    "rental-captcha-token": "RENTAL_CAPTCHA_TOKEN",
    "Authorization": "Bearer 78B1C2764CCE4A058B1BC8228A887E92"
}
2025-02-09 21:08:48,643 - rest_client_new.py -log - INFO - 接口的返回内容:>>>
{
    "code": 1000,
    "message": null,
    "data": [
        {
            "id": "E8XY",
            "option": {
                "stripeKeyPublic": "pk_test_51JLYaZGvq4E0WjAYOiJX33Ci7KnnITbQHEnXVJVbztuYOoAt2MzCWNRAW0xEl2yKZVnSJ4I2ju6N8McnFHS84vI900EwTKQly8"
            },
            "type": "stripe",
            "createdAt": "2023-03-28T02:57:10.969698Z",
            "updatedAt": "2023-03-28T02:57:10.969698Z",
            "isArchived": false
        }
    ]
}
2025-02-09 21:08:48,655 - conftest.py -log - INFO - 测试结束
2025-02-09 21:15:37,153 - conftest.py -log - INFO - 开始执行测试
2025-02-09 21:15:37,163 - rest_client_new.py -log - INFO - 接口请求的地址: https://api-rental-stg.moovmobility.co/customer/me/payment/$setup
2025-02-09 21:15:37,164 - rest_client_new.py -log - INFO - 接口请求方式: POST
2025-02-09 21:15:37,164 - rest_client_new.py -log - INFO - 接口请求的json参数:  
{
    "providerId": "E8XY",
    "methodType": "credit-card"
}
2025-02-09 21:15:37,164 - rest_client_new.py -log - INFO - 接口请求的请求头:
{
    "Content-Type": "application/json",
    "rental-client-id": "com.rental.user.app.rybit.stg",
    "rental-captcha-token": "RENTAL_CAPTCHA_TOKEN",
    "Authorization": "Bearer 78B1C2764CCE4A058B1BC8228A887E92"
}
2025-02-09 21:15:38,811 - rest_client_new.py -log - INFO - 接口的返回内容:>>>
{
    "code": 1000,
    "message": null,
    "data": {
        "id": "R86G",
        "providerId": "E8XY",
        "methodType": "credit-card",
        "status": "init",
        "option": {
            "stripeSetupId": "seti_1QqaMIGvq4E0WjAYCUJnThKi",
            "stripeSetupSecret": "seti_1QqaMIGvq4E0WjAYCUJnThKi_secret_Rk4VOxHRBZq6yE9fflHmDAb2X93gZwJ"
        },
        "providerType": "stripe",
        "createdAt": "2025-02-09T13:15:38.099202Z",
        "updatedAt": "2025-02-09T13:15:38.099202Z",
        "customerId": "K59P"
    }
}
2025-02-09 21:15:38,817 - ExtractUtils.py -log - ERROR - 变量[stripeSetupSecret]写入extract.yaml文件失败：请检查error信息：object of type 'bool' has no len()
2025-02-09 21:15:38,820 - conftest.py -log - INFO - 测试结束
2025-02-09 21:16:05,324 - conftest.py -log - INFO - 开始执行测试
2025-02-09 21:16:05,333 - rest_client_new.py -log - INFO - 接口请求的地址: https://api-rental-stg.moovmobility.co/customer/me/payment/$setup
2025-02-09 21:16:05,334 - rest_client_new.py -log - INFO - 接口请求方式: POST
2025-02-09 21:16:05,334 - rest_client_new.py -log - INFO - 接口请求的json参数:  
{
    "providerId": "E8XY",
    "methodType": "credit-card"
}
2025-02-09 21:16:05,334 - rest_client_new.py -log - INFO - 接口请求的请求头:
{
    "Content-Type": "application/json",
    "rental-client-id": "com.rental.user.app.rybit.stg",
    "rental-captcha-token": "RENTAL_CAPTCHA_TOKEN",
    "Authorization": "Bearer 78B1C2764CCE4A058B1BC8228A887E92"
}
2025-02-09 21:16:06,643 - rest_client_new.py -log - INFO - 接口的返回内容:>>>
{
    "code": 1000,
    "message": null,
    "data": {
        "id": "BXD3",
        "providerId": "E8XY",
        "methodType": "credit-card",
        "status": "init",
        "option": {
            "stripeSetupId": "seti_1QqaMkGvq4E0WjAYxm1rJC8p",
            "stripeSetupSecret": "seti_1QqaMkGvq4E0WjAYxm1rJC8p_secret_Rk4VVGeKjoXT0uhAxk4r61Hu7v9n3pW"
        },
        "providerType": "stripe",
        "createdAt": "2025-02-09T13:16:05.939485Z",
        "updatedAt": "2025-02-09T13:16:05.939485Z",
        "customerId": "K59P"
    }
}
2025-02-09 21:16:06,656 - conftest.py -log - INFO - 测试结束
2025-02-09 21:33:30,434 - conftest.py -log - INFO - 开始执行测试
2025-02-09 21:33:30,449 - rest_client_new.py -log - INFO - 接口请求的地址: https://api-rental-stg.moovmobility.cohttps://api.stripe.com/v1/setup_intents/seti_1QqaMkGvq4E0WjAYxm1rJC8p/confirm
2025-02-09 21:33:30,450 - rest_client_new.py -log - INFO - 接口请求方式: POST
2025-02-09 21:33:30,450 - rest_client_new.py -log - INFO - 接口请求的json参数:  
{
    "client_secret": "seti_1QqaMkGvq4E0WjAYxm1rJC8p_secret_Rk4VVGeKjoXT0uhAxk4r61Hu7v9n3pW",
    "payment_method_data[billing_details][address][city]": "J",
    "payment_method_data[billing_details][address][country]": "CN",
    "payment_method_data[billing_details][address][line1]": "J",
    "payment_method_data[billing_details][address][line2]": "J",
    "payment_method_data[billing_details][address][postal_code]": "J",
    "payment_method_data[billing_details][address][state]": "J",
    "payment_method_data[billing_details][email]": "",
    "payment_method_data[billing_details][name]": "J",
    "payment_method_data[billing_details][phone]": "+12025020602",
    "payment_method_data[card][cvc]": "666",
    "payment_method_data[card][exp_month]": "4",
    "payment_method_data[card][exp_year]": "26",
    "payment_method_data[card][number]": "4242424242424242",
    "payment_method_data[payment_user_agent]": "stripe-ios/23.15.0; variant.legacy; STPPaymentCardTextField; PaymentSheet.AddressController",
    "payment_method_data[type]": "card",
    "use_stripe_sdk": true
}
2025-02-09 21:33:30,450 - rest_client_new.py -log - INFO - 接口请求的请求头:
{
    "Content-Type": "application/x-www-form-urlencoded",
    "rental-client-id": "com.rental.user.app.rybit.stg",
    "rental-captcha-token": "RENTAL_CAPTCHA_TOKEN",
    "Authorization": "pk_test_51JLYaZGvq4E0WjAYOiJX33Ci7KnnITbQHEnXVJVbztuYOoAt2MzCWNRAW0xEl2yKZVnSJ4I2ju6N8McnFHS84vI900EwTKQly8"
}
2025-02-09 21:33:32,479 - conftest.py -log - INFO - 测试结束
2025-02-09 21:43:31,703 - conftest.py -log - INFO - 开始执行测试
2025-02-09 21:43:31,714 - rest_client_new.py -log - INFO - 接口请求的地址: https://api.stripe.com/v1/setup_intents/seti_1QqaMkGvq4E0WjAYxm1rJC8p/confirm
2025-02-09 21:43:31,714 - rest_client_new.py -log - INFO - 接口请求方式: POST
2025-02-09 21:43:31,715 - rest_client_new.py -log - INFO - 接口请求的json参数:  
{
    "client_secret": "seti_1QqaMkGvq4E0WjAYxm1rJC8p_secret_Rk4VVGeKjoXT0uhAxk4r61Hu7v9n3pW",
    "payment_method_data[billing_details][address][city]": "J",
    "payment_method_data[billing_details][address][country]": "CN",
    "payment_method_data[billing_details][address][line1]": "J",
    "payment_method_data[billing_details][address][line2]": "J",
    "payment_method_data[billing_details][address][postal_code]": "J",
    "payment_method_data[billing_details][address][state]": "J",
    "payment_method_data[billing_details][email]": "",
    "payment_method_data[billing_details][name]": "J",
    "payment_method_data[billing_details][phone]": "+12025020602",
    "payment_method_data[card][cvc]": "666",
    "payment_method_data[card][exp_month]": "4",
    "payment_method_data[card][exp_year]": "26",
    "payment_method_data[card][number]": "4242424242424242",
    "payment_method_data[payment_user_agent]": "stripe-ios/23.15.0; variant.legacy; STPPaymentCardTextField; PaymentSheet.AddressController",
    "payment_method_data[type]": "card",
    "use_stripe_sdk": true
}
2025-02-09 21:43:31,715 - rest_client_new.py -log - INFO - 接口请求的请求头:
{
    "Content-Type": "application/x-www-form-urlencoded",
    "rental-client-id": "com.rental.user.app.rybit.stg",
    "rental-captcha-token": "RENTAL_CAPTCHA_TOKEN",
    "Authorization": "pk_test_51JLYaZGvq4E0WjAYOiJX33Ci7KnnITbQHEnXVJVbztuYOoAt2MzCWNRAW0xEl2yKZVnSJ4I2ju6N8McnFHS84vI900EwTKQly8"
}
2025-02-09 21:43:32,379 - rest_client_new.py -log - INFO - 接口的返回内容:>>>
{
    "error": {
        "message": "You did not provide an API key. You need to provide your API key in the Authorization header, using Bearer auth (e.g. 'Authorization: Bearer YOUR_SECRET_KEY'). See https://stripe.com/docs/api#authentication for details, or we can help at https://support.stripe.com/.",
        "type": "invalid_request_error"
    }
}
2025-02-09 21:43:32,442 - conftest.py -log - INFO - 测试结束
2025-02-09 21:44:34,317 - conftest.py -log - INFO - 开始执行测试
2025-02-09 21:44:34,325 - rest_client_new.py -log - INFO - 接口请求的地址: https://api-rental-stg.moovmobility.co/customer/me/payment/availableProviders
2025-02-09 21:44:34,325 - rest_client_new.py -log - INFO - 接口请求方式: GET
2025-02-09 21:44:34,325 - rest_client_new.py -log - INFO - 接口请求的请求头:
{
    "Content-Type": "application/json",
    "rental-client-id": "com.rental.user.app.rybit.stg",
    "rental-captcha-token": "RENTAL_CAPTCHA_TOKEN",
    "Authorization": "Bearer 78B1C2764CCE4A058B1BC8228A887E92"
}
2025-02-09 21:44:35,268 - rest_client_new.py -log - INFO - 接口的返回内容:>>>
{
    "timestamp": "2025-02-09T13:44:37.338+00:00",
    "status": 404,
    "error": "Not Found",
    "path": "/me/payment/availableProviders/customer/me/payment/availableProviders"
}
2025-02-09 21:44:35,269 - ExtractUtils.py -log - ERROR - 变量[providerId]写入extract.yaml文件失败：请检查error信息：object of type 'bool' has no len()
2025-02-09 21:44:35,269 - ExtractUtils.py -log - ERROR - 变量[provider_Publikey]写入extract.yaml文件失败：请检查error信息：object of type 'bool' has no len()
2025-02-09 21:44:35,331 - conftest.py -log - INFO - 测试结束
2025-02-09 21:45:58,674 - conftest.py -log - INFO - 开始执行测试
2025-02-09 21:45:58,682 - rest_client_new.py -log - INFO - 接口请求的地址: https://api-rental-stg.moovmobility.co/customer/me?dryRun
2025-02-09 21:45:58,682 - rest_client_new.py -log - INFO - 接口请求方式: DELETE
2025-02-09 21:45:58,682 - rest_client_new.py -log - INFO - 接口请求的请求头:
{
    "Content-Type": "application/json",
    "rental-client-id": "com.rental.user.app.rybit.stg",
    "rental-captcha-token": "RENTAL_CAPTCHA_TOKEN",
    "Authorization": "Bearer 78B1C2764CCE4A058B1BC8228A887E92"
}
2025-02-09 21:45:59,556 - rest_client_new.py -log - INFO - 接口的返回内容:>>>
{
    "code": 1000,
    "message": null,
    "data": null
}
2025-02-09 21:45:59,560 - conftest.py -log - INFO - 测试结束
2025-02-09 21:46:08,687 - conftest.py -log - INFO - 开始执行测试
2025-02-09 21:46:08,691 - rest_client_new.py -log - INFO - 接口请求的地址: https://api-rental-stg.moovmobility.co/customer/registry/register
2025-02-09 21:46:08,691 - rest_client_new.py -log - INFO - 接口请求方式: POST
2025-02-09 21:46:08,692 - rest_client_new.py -log - INFO - 接口请求的json参数:  
{
    "phoneNo": "+12025000001",
    "isMarketingConsented": true
}
2025-02-09 21:46:08,692 - rest_client_new.py -log - INFO - 接口请求的请求头:
{
    "Content-Type": "application/json",
    "rental-client-id": "com.rental.user.app.rybit.stg",
    "rental-captcha-token": "RENTAL_CAPTCHA_TOKEN"
}
2025-02-09 21:46:09,106 - rest_client_new.py -log - INFO - 接口的返回内容:>>>
{
    "code": 1000,
    "message": null,
    "data": {
        "registrationToken": "eyJhbGciOiJIUzI1NiJ9.eyJpc3MiOiJSYWJpdC1jdXN0b21lciIsImlhdCI6MTczOTEwODc3MSwiZXhwIjoxNzM5MTEwNTcxLCJyYXdJZCI6MTI5N30.cTNXmAi56cJduM4PM48Ar1LTmDbF2FToWSvIw9IFwfU"
    }
}
2025-02-09 21:46:09,112 - conftest.py -log - INFO - 测试结束
2025-02-09 21:46:14,309 - conftest.py -log - INFO - 开始执行测试
2025-02-09 21:46:14,316 - rest_client_new.py -log - INFO - 接口请求的地址: https://api-rental-stg.moovmobility.co/customer/registry/verify
2025-02-09 21:46:14,316 - rest_client_new.py -log - INFO - 接口请求方式: POST
2025-02-09 21:46:14,316 - rest_client_new.py -log - INFO - 接口请求的json参数:  
{
    "verificationCode": "123456",
    "registrationToken": "eyJhbGciOiJIUzI1NiJ9.eyJpc3MiOiJSYWJpdC1jdXN0b21lciIsImlhdCI6MTczOTEwODc3MSwiZXhwIjoxNzM5MTEwNTcxLCJyYXdJZCI6MTI5N30.cTNXmAi56cJduM4PM48Ar1LTmDbF2FToWSvIw9IFwfU"
}
2025-02-09 21:46:14,317 - rest_client_new.py -log - INFO - 接口请求的请求头:
{
    "Content-Type": "application/json",
    "rental-client-id": "com.rental.user.app.rybit.stg",
    "rental-captcha-token": "RENTAL_CAPTCHA_TOKEN"
}
2025-02-09 21:46:15,026 - rest_client_new.py -log - INFO - 接口的返回内容:>>>
{
    "code": 1000,
    "message": null,
    "data": {
        "newCustomerAccessToken": "4FC97D36CB81441C8367DAC0FFC771BA",
        "newCustomerPassword": "096032"
    }
}
2025-02-09 21:46:15,040 - conftest.py -log - INFO - 测试结束
2025-02-09 21:46:36,401 - conftest.py -log - INFO - 开始执行测试
2025-02-09 21:46:36,406 - rest_client_new.py -log - INFO - 接口请求的地址: https://api-rental-stg.moovmobility.co/customer/me/payment/availableProviders
2025-02-09 21:46:36,407 - rest_client_new.py -log - INFO - 接口请求方式: GET
2025-02-09 21:46:36,407 - rest_client_new.py -log - INFO - 接口请求的请求头:
{
    "Content-Type": "application/json",
    "rental-client-id": "com.rental.user.app.rybit.stg",
    "rental-captcha-token": "RENTAL_CAPTCHA_TOKEN",
    "Authorization": "Bearer 4FC97D36CB81441C8367DAC0FFC771BA"
}
2025-02-09 21:46:36,981 - rest_client_new.py -log - INFO - 接口的返回内容:>>>
{
    "timestamp": "2025-02-09T13:46:39.053+00:00",
    "status": 404,
    "error": "Not Found",
    "path": "/me/payment/availableProviders/customer/me/payment/availableProviders"
}
2025-02-09 21:46:36,983 - ExtractUtils.py -log - ERROR - 变量[providerId]写入extract.yaml文件失败：请检查error信息：object of type 'bool' has no len()
2025-02-09 21:46:36,983 - ExtractUtils.py -log - ERROR - 变量[provider_Publikey]写入extract.yaml文件失败：请检查error信息：object of type 'bool' has no len()
2025-02-09 21:46:37,048 - conftest.py -log - INFO - 测试结束
2025-02-09 21:48:28,070 - conftest.py -log - INFO - 开始执行测试
2025-02-09 21:49:05,693 - rest_client_new.py -log - INFO - 接口请求的地址: https://api-rental-stg.moovmobility.co/customer/me/payment/availableProviders
2025-02-09 21:49:05,694 - rest_client_new.py -log - INFO - 接口请求方式: GET
2025-02-09 21:49:05,694 - rest_client_new.py -log - INFO - 接口请求的请求头:
{
    "Content-Type": "application/json",
    "rental-client-id": "com.rental.user.app.rybit.stg",
    "rental-captcha-token": "RENTAL_CAPTCHA_TOKEN",
    "Authorization": "Bearer 4FC97D36CB81441C8367DAC0FFC771BA"
}
2025-02-09 21:49:06,186 - rest_client_new.py -log - INFO - 接口的返回内容:>>>
{
    "timestamp": "2025-02-09T13:49:08.274+00:00",
    "status": 404,
    "error": "Not Found",
    "path": "/me/payment/availableProviders/customer/me/payment/availableProviders"
}
2025-02-09 21:49:06,193 - ExtractUtils.py -log - ERROR - 变量[providerId]写入extract.yaml文件失败：请检查error信息：object of type 'bool' has no len()
2025-02-09 21:49:06,193 - ExtractUtils.py -log - ERROR - 变量[provider_Publikey]写入extract.yaml文件失败：请检查error信息：object of type 'bool' has no len()
2025-02-09 21:49:06,311 - conftest.py -log - INFO - 测试结束
2025-02-09 21:49:16,069 - conftest.py -log - INFO - 开始执行测试
2025-02-09 21:49:35,227 - rest_client_new.py -log - INFO - 接口请求的地址: https://api-rental-stg.moovmobility.co/customer/me/payment/availableProviders
2025-02-09 21:49:35,228 - rest_client_new.py -log - INFO - 接口请求方式: GET
2025-02-09 21:49:35,228 - rest_client_new.py -log - INFO - 接口请求的请求头:
{
    "Content-Type": "application/json",
    "rental-client-id": "com.rental.user.app.rybit.stg",
    "rental-captcha-token": "RENTAL_CAPTCHA_TOKEN",
    "Authorization": "Bearer 4FC97D36CB81441C8367DAC0FFC771BA"
}
2025-02-09 21:49:35,926 - rest_client_new.py -log - INFO - 接口的返回内容:>>>
{
    "timestamp": "2025-02-09T13:49:38.022+00:00",
    "status": 404,
    "error": "Not Found",
    "path": "/me/payment/availableProviders/customer/me/payment/availableProviders"
}
2025-02-09 21:49:35,932 - ExtractUtils.py -log - ERROR - 变量[providerId]写入extract.yaml文件失败：请检查error信息：object of type 'bool' has no len()
2025-02-09 21:49:35,932 - ExtractUtils.py -log - ERROR - 变量[provider_Publikey]写入extract.yaml文件失败：请检查error信息：object of type 'bool' has no len()
2025-02-09 21:49:36,050 - conftest.py -log - INFO - 测试结束
2025-02-09 21:49:43,498 - conftest.py -log - INFO - 开始执行测试
2025-02-09 21:55:31,162 - conftest.py -log - INFO - 测试结束
2025-02-09 21:55:40,293 - conftest.py -log - INFO - 开始执行测试
2025-02-09 21:55:40,298 - rest_client_new.py -log - INFO - 接口请求的地址: https://api-rental-stg.moovmobility.co/customer/me/payment/availableProviders
2025-02-09 21:55:40,299 - rest_client_new.py -log - INFO - 接口请求方式: GET
2025-02-09 21:55:40,299 - rest_client_new.py -log - INFO - 接口请求的请求头:
{
    "Content-Type": "application/json",
    "rental-client-id": "com.rental.user.app.rybit.stg",
    "rental-captcha-token": "RENTAL_CAPTCHA_TOKEN",
    "Authorization": "Bearer 4FC97D36CB81441C8367DAC0FFC771BA"
}
2025-02-09 21:55:40,843 - rest_client_new.py -log - INFO - 接口的返回内容:>>>
{
    "timestamp": "2025-02-09T13:55:42.942+00:00",
    "status": 404,
    "error": "Not Found",
    "path": "/me/payment/availableProviders/customer/me/payment/availableProviders"
}
2025-02-09 21:55:40,845 - ExtractUtils.py -log - ERROR - 变量[providerId]写入extract.yaml文件失败：请检查error信息：object of type 'bool' has no len()
2025-02-09 21:55:40,845 - ExtractUtils.py -log - ERROR - 变量[provider_Publikey]写入extract.yaml文件失败：请检查error信息：object of type 'bool' has no len()
2025-02-09 21:55:40,911 - conftest.py -log - INFO - 测试结束
2025-02-09 21:56:52,021 - conftest.py -log - INFO - 开始执行测试
2025-02-09 21:56:52,036 - rest_client_new.py -log - INFO - 接口请求的地址: https://api-rental-stg.moovmobility.co/customer/me/payment/availableProviders
2025-02-09 21:56:52,036 - rest_client_new.py -log - INFO - 接口请求方式: GET
2025-02-09 21:56:52,037 - rest_client_new.py -log - INFO - 接口请求的请求头:
{
    "Content-Type": "application/json",
    "rental-client-id": "com.rental.user.app.rybit.stg",
    "rental-captcha-token": "RENTAL_CAPTCHA_TOKEN",
    "Authorization": "Bearer 4FC97D36CB81441C8367DAC0FFC771BA"
}
2025-02-09 21:56:53,130 - rest_client_new.py -log - INFO - 接口的返回内容:>>>
{
    "timestamp": "2025-02-09T13:56:55.268+00:00",
    "status": 404,
    "error": "Not Found",
    "path": "/me/payment/availableProviders/customer/me/payment/availableProviders"
}
2025-02-09 21:56:53,132 - ExtractUtils.py -log - ERROR - 变量[providerId]写入extract.yaml文件失败：请检查error信息：object of type 'bool' has no len()
2025-02-09 21:56:53,133 - ExtractUtils.py -log - ERROR - 变量[provider_Publikey]写入extract.yaml文件失败：请检查error信息：object of type 'bool' has no len()
2025-02-09 21:56:53,190 - conftest.py -log - INFO - 测试结束
2025-02-09 21:57:19,376 - conftest.py -log - INFO - 开始执行测试
2025-02-09 21:57:19,386 - rest_client_new.py -log - INFO - 接口请求的地址: https://api-rental-stg.moovmobility.co/customer/me/changePasswordByPassword
2025-02-09 21:57:19,387 - rest_client_new.py -log - INFO - 接口请求方式: POST
2025-02-09 21:57:19,387 - rest_client_new.py -log - INFO - 接口请求的json参数:  
{
    "currentPassword": "096032",
    "password": 123456
}
2025-02-09 21:57:19,387 - rest_client_new.py -log - INFO - 接口请求的请求头:
{
    "Content-Type": "application/json",
    "rental-client-id": "com.rental.user.app.rybit.stg",
    "rental-captcha-token": "RENTAL_CAPTCHA_TOKEN",
    "Authorization": "Bearer 4FC97D36CB81441C8367DAC0FFC771BA"
}
2025-02-09 21:57:20,369 - rest_client_new.py -log - INFO - 接口的返回内容:>>>
{
    "code": 1000,
    "message": null,
    "data": null
}
2025-02-09 21:57:20,372 - conftest.py -log - INFO - 测试结束
2025-02-09 21:57:43,744 - conftest.py -log - INFO - 开始执行测试
2025-02-09 21:57:43,751 - rest_client_new.py -log - INFO - 接口请求的地址: https://api-rental-stg.moovmobility.co/customer/me/payment/$setup
2025-02-09 21:57:43,751 - rest_client_new.py -log - INFO - 接口请求方式: POST
2025-02-09 21:57:43,751 - rest_client_new.py -log - INFO - 接口请求的json参数:  
{
    "providerId": "E8XY",
    "methodType": "credit-card"
}
2025-02-09 21:57:43,752 - rest_client_new.py -log - INFO - 接口请求的请求头:
{
    "Content-Type": "application/json",
    "rental-client-id": "com.rental.user.app.rybit.stg",
    "rental-captcha-token": "RENTAL_CAPTCHA_TOKEN",
    "Authorization": "Bearer 4FC97D36CB81441C8367DAC0FFC771BA"
}
2025-02-09 21:57:45,351 - rest_client_new.py -log - INFO - 接口的返回内容:>>>
{
    "code": 1000,
    "message": null,
    "data": {
        "id": "LPOB",
        "providerId": "E8XY",
        "methodType": "credit-card",
        "status": "init",
        "option": {
            "stripeSetupId": "seti_1Qqb15Gvq4E0WjAYkTtSuUQB",
            "stripeSetupSecret": "seti_1Qqb15Gvq4E0WjAYkTtSuUQB_secret_Rk5B37zX4v4CBIDvpUf6bvu2SuAW6OC"
        },
        "providerType": "stripe",
        "createdAt": "2025-02-09T13:57:46.850586Z",
        "updatedAt": "2025-02-09T13:57:46.850586Z",
        "customerId": "5ML5"
    }
}
2025-02-09 21:57:45,366 - conftest.py -log - INFO - 测试结束
2025-02-09 21:57:55,868 - conftest.py -log - INFO - 开始执行测试
2025-02-09 21:57:55,877 - rest_client_new.py -log - INFO - 接口请求的地址: https://api.stripe.com/v1/setup_intents/seti_1Qqb15Gvq4E0WjAYkTtSuUQB/confirm
2025-02-09 21:57:55,877 - rest_client_new.py -log - INFO - 接口请求方式: POST
2025-02-09 21:57:55,877 - rest_client_new.py -log - INFO - 接口请求的json参数:  
{
    "client_secret": "seti_1Qqb15Gvq4E0WjAYkTtSuUQB_secret_Rk5B37zX4v4CBIDvpUf6bvu2SuAW6OC",
    "payment_method_data[billing_details][address][city]": "J",
    "payment_method_data[billing_details][address][country]": "CN",
    "payment_method_data[billing_details][address][line1]": "J",
    "payment_method_data[billing_details][address][line2]": "J",
    "payment_method_data[billing_details][address][postal_code]": "J",
    "payment_method_data[billing_details][address][state]": "J",
    "payment_method_data[billing_details][email]": "",
    "payment_method_data[billing_details][name]": "J",
    "payment_method_data[billing_details][phone]": "+12025020602",
    "payment_method_data[card][cvc]": "666",
    "payment_method_data[card][exp_month]": "4",
    "payment_method_data[card][exp_year]": "26",
    "payment_method_data[card][number]": "4242424242424242",
    "payment_method_data[payment_user_agent]": "stripe-ios/23.15.0; variant.legacy; STPPaymentCardTextField; PaymentSheet.AddressController",
    "payment_method_data[type]": "card",
    "use_stripe_sdk": true
}
2025-02-09 21:57:55,877 - rest_client_new.py -log - INFO - 接口请求的请求头:
{
    "Content-Type": "application/x-www-form-urlencoded",
    "rental-client-id": "com.rental.user.app.rybit.stg",
    "rental-captcha-token": "RENTAL_CAPTCHA_TOKEN",
    "Authorization": "pk_test_51JLYaZGvq4E0WjAYOiJX33Ci7KnnITbQHEnXVJVbztuYOoAt2MzCWNRAW0xEl2yKZVnSJ4I2ju6N8McnFHS84vI900EwTKQly8"
}
2025-02-09 21:57:57,603 - rest_client_new.py -log - INFO - 接口的返回内容:>>>
{
    "error": {
        "message": "You did not provide an API key. You need to provide your API key in the Authorization header, using Bearer auth (e.g. 'Authorization: Bearer YOUR_SECRET_KEY'). See https://stripe.com/docs/api#authentication for details, or we can help at https://support.stripe.com/.",
        "type": "invalid_request_error"
    }
}
2025-02-09 21:57:57,661 - conftest.py -log - INFO - 测试结束
2025-02-09 22:00:38,227 - conftest.py -log - INFO - 开始执行测试
2025-02-09 22:00:38,235 - rest_client_new.py -log - INFO - 接口请求的地址: https://api-rental-stg.moovmobility.co/customer/me/payment/availableProviders
2025-02-09 22:00:38,235 - rest_client_new.py -log - INFO - 接口请求方式: GET
2025-02-09 22:00:38,235 - rest_client_new.py -log - INFO - 接口请求的请求头:
{
    "Content-Type": "application/json",
    "rental-client-id": "com.rental.user.app.rybit.stg",
    "rental-captcha-token": "RENTAL_CAPTCHA_TOKEN",
    "Authorization": "Bearer 4FC97D36CB81441C8367DAC0FFC771BA"
}
2025-02-09 22:00:44,301 - rest_client_new.py -log - INFO - 接口的返回内容:>>>
{
    "timestamp": "2025-02-09T14:00:46.472+00:00",
    "status": 404,
    "error": "Not Found",
    "path": "/me/payment/availableProviders/customer/me/payment/availableProviders"
}
2025-02-09 22:00:44,302 - ExtractUtils.py -log - ERROR - 变量[providerId]写入extract.yaml文件失败：请检查error信息：object of type 'bool' has no len()
2025-02-09 22:00:44,302 - ExtractUtils.py -log - ERROR - 变量[provider_Publikey]写入extract.yaml文件失败：请检查error信息：object of type 'bool' has no len()
2025-02-09 22:00:44,358 - conftest.py -log - INFO - 测试结束
2025-02-09 22:03:25,648 - conftest.py -log - INFO - 开始执行测试
2025-02-09 22:03:25,657 - rest_client_new.py -log - INFO - 接口请求的地址: https://api-rental-stg.moovmobility.co/customer/me/payment/availableProviders
2025-02-09 22:03:25,658 - rest_client_new.py -log - INFO - 接口请求方式: GET
2025-02-09 22:03:25,658 - rest_client_new.py -log - INFO - 接口请求的请求头:
{
    "Content-Type": "application/json",
    "rental-client-id": "com.rental.user.app.rybit.stg",
    "rental-captcha-token": "RENTAL_CAPTCHA_TOKEN",
    "Authorization": "Bearer 4FC97D36CB81441C8367DAC0FFC771BA"
}
2025-02-09 22:03:26,224 - rest_client_new.py -log - INFO - 接口的返回内容:>>>
{
    "timestamp": "2025-02-09T14:03:28.386+00:00",
    "status": 404,
    "error": "Not Found",
    "path": "/me/payment/availableProviders/customer/me/payment/availableProviders"
}
2025-02-09 22:03:26,226 - ExtractUtils.py -log - ERROR - 变量[providerId]写入extract.yaml文件失败：请检查error信息：object of type 'bool' has no len()
2025-02-09 22:03:26,226 - ExtractUtils.py -log - ERROR - 变量[provider_Publikey]写入extract.yaml文件失败：请检查error信息：object of type 'bool' has no len()
2025-02-09 22:03:26,302 - conftest.py -log - INFO - 测试结束
2025-02-09 22:06:47,945 - conftest.py -log - INFO - 开始执行测试
2025-02-09 22:06:47,954 - rest_client_new.py -log - INFO - 接口请求的地址: https://api-rental-stg.moovmobility.co/customer/me/payment/availableProviders
2025-02-09 22:06:47,954 - rest_client_new.py -log - INFO - 接口请求方式: GET
2025-02-09 22:06:47,954 - rest_client_new.py -log - INFO - 接口请求的请求头:
{
    "Content-Type": "application/json",
    "rental-client-id": "com.rental.user.app.rybit.stg",
    "rental-captcha-token": "RENTAL_CAPTCHA_TOKEN",
    "Authorization": "Bearer 4FC97D36CB81441C8367DAC0FFC771BA"
}
2025-02-09 22:06:48,337 - rest_client_new.py -log - INFO - 接口的返回内容:>>>
{
    "timestamp": "2025-02-09T14:06:50.526+00:00",
    "status": 404,
    "error": "Not Found",
    "path": "/me/payment/availableProviders/customer/me/payment/availableProviders"
}
2025-02-09 22:06:48,410 - conftest.py -log - INFO - 测试结束
2025-02-09 22:07:15,108 - conftest.py -log - INFO - 开始执行测试
2025-02-09 22:07:38,509 - rest_client_new.py -log - INFO - 接口请求的地址: https://api-rental-stg.moovmobility.co/customer/me/payment/availableProviders
2025-02-09 22:07:38,510 - rest_client_new.py -log - INFO - 接口请求方式: GET
2025-02-09 22:07:38,511 - rest_client_new.py -log - INFO - 接口请求的请求头:
{
    "Content-Type": "application/json",
    "rental-client-id": "com.rental.user.app.rybit.stg",
    "rental-captcha-token": "RENTAL_CAPTCHA_TOKEN",
    "Authorization": "Bearer 4FC97D36CB81441C8367DAC0FFC771BA"
}
2025-02-09 22:07:40,299 - rest_client_new.py -log - INFO - 接口的返回内容:>>>
{
    "timestamp": "2025-02-09T14:07:42.476+00:00",
    "status": 404,
    "error": "Not Found",
    "path": "/me/payment/availableProviders/customer/me/payment/availableProviders"
}
2025-02-09 22:07:40,432 - conftest.py -log - INFO - 测试结束
2025-02-09 22:07:54,068 - conftest.py -log - INFO - 开始执行测试
2025-02-09 22:08:45,864 - rest_client_new.py -log - INFO - 接口请求的地址: https://api-rental-stg.moovmobility.co/customer/me/payment/availableProviders
2025-02-09 22:08:45,865 - rest_client_new.py -log - INFO - 接口请求方式: GET
2025-02-09 22:08:45,865 - rest_client_new.py -log - INFO - 接口请求的请求头:
{
    "Content-Type": "application/json",
    "rental-client-id": "com.rental.user.app.rybit.stg",
    "rental-captcha-token": "RENTAL_CAPTCHA_TOKEN",
    "Authorization": "Bearer 4FC97D36CB81441C8367DAC0FFC771BA"
}
2025-02-09 22:10:30,076 - rest_client_new.py -log - INFO - 接口的返回内容:>>>
{
    "timestamp": "2025-02-09T14:10:32.252+00:00",
    "status": 404,
    "error": "Not Found",
    "path": "/me/payment/availableProviders/customer/me/payment/availableProviders"
}
2025-02-09 22:10:30,376 - conftest.py -log - INFO - 测试结束
2025-02-09 22:11:00,648 - conftest.py -log - INFO - 开始执行测试
2025-02-09 22:11:12,680 - rest_client_new.py -log - INFO - 接口请求的地址: https://api-rental-stg.moovmobility.co/customer/me/payment/availableProviders
2025-02-09 22:11:12,681 - rest_client_new.py -log - INFO - 接口请求方式: GET
2025-02-09 22:11:12,682 - rest_client_new.py -log - INFO - 接口请求的请求头:
{
    "Content-Type": "application/json",
    "rental-client-id": "com.rental.user.app.rybit.stg",
    "rental-captcha-token": "RENTAL_CAPTCHA_TOKEN",
    "Authorization": "Bearer 4FC97D36CB81441C8367DAC0FFC771BA"
}
2025-02-09 22:11:13,049 - rest_client_new.py -log - INFO - 接口的返回内容:>>>
{
    "code": 1000,
    "message": null,
    "data": [
        {
            "id": "E8XY",
            "option": {
                "stripeKeyPublic": "pk_test_51JLYaZGvq4E0WjAYOiJX33Ci7KnnITbQHEnXVJVbztuYOoAt2MzCWNRAW0xEl2yKZVnSJ4I2ju6N8McnFHS84vI900EwTKQly8"
            },
            "type": "stripe",
            "createdAt": "2023-03-28T02:57:10.969698Z",
            "updatedAt": "2023-03-28T02:57:10.969698Z",
            "isArchived": false
        }
    ]
}
2025-02-09 22:11:13,059 - conftest.py -log - INFO - 测试结束
2025-02-09 22:11:47,199 - conftest.py -log - INFO - 开始执行测试
2025-02-09 22:11:47,206 - rest_client_new.py -log - INFO - 接口请求的地址: https://api-rental-stg.moovmobility.co/customer/me/payment/$setup
2025-02-09 22:11:47,206 - rest_client_new.py -log - INFO - 接口请求方式: POST
2025-02-09 22:11:47,206 - rest_client_new.py -log - INFO - 接口请求的json参数:  
{
    "providerId": "E8XY",
    "methodType": "credit-card"
}
2025-02-09 22:11:47,206 - rest_client_new.py -log - INFO - 接口请求的请求头:
{
    "Content-Type": "application/json",
    "rental-client-id": "com.rental.user.app.rybit.stg",
    "rental-captcha-token": "RENTAL_CAPTCHA_TOKEN",
    "Authorization": "Bearer 4FC97D36CB81441C8367DAC0FFC771BA"
}
2025-02-09 22:11:48,236 - rest_client_new.py -log - INFO - 接口的返回内容:>>>
{
    "code": 1000,
    "message": null,
    "data": {
        "id": "4BR6",
        "providerId": "E8XY",
        "methodType": "credit-card",
        "status": "init",
        "option": {
            "stripeSetupId": "seti_1QqbEgGvq4E0WjAYVHwxYUWF",
            "stripeSetupSecret": "seti_1QqbEgGvq4E0WjAYVHwxYUWF_secret_Rk5P6F96YFFGTWeyKgeKysyRyZznShC"
        },
        "providerType": "stripe",
        "createdAt": "2025-02-09T14:11:49.742869Z",
        "updatedAt": "2025-02-09T14:11:49.742869Z",
        "customerId": "5ML5"
    }
}
2025-02-09 22:11:48,253 - conftest.py -log - INFO - 测试结束
2025-02-09 22:11:53,502 - conftest.py -log - INFO - 开始执行测试
2025-02-09 22:11:53,510 - rest_client_new.py -log - INFO - 接口请求的地址: https://api.stripe.com/v1/setup_intents/seti_1QqbEgGvq4E0WjAYVHwxYUWF/confirm
2025-02-09 22:11:53,510 - rest_client_new.py -log - INFO - 接口请求方式: POST
2025-02-09 22:11:53,511 - rest_client_new.py -log - INFO - 接口请求的json参数:  
{
    "client_secret": "seti_1QqbEgGvq4E0WjAYVHwxYUWF_secret_Rk5P6F96YFFGTWeyKgeKysyRyZznShC",
    "payment_method_data[billing_details][address][city]": "J",
    "payment_method_data[billing_details][address][country]": "CN",
    "payment_method_data[billing_details][address][line1]": "J",
    "payment_method_data[billing_details][address][line2]": "J",
    "payment_method_data[billing_details][address][postal_code]": "J",
    "payment_method_data[billing_details][address][state]": "J",
    "payment_method_data[billing_details][email]": "",
    "payment_method_data[billing_details][name]": "J",
    "payment_method_data[billing_details][phone]": "+12025020602",
    "payment_method_data[card][cvc]": "666",
    "payment_method_data[card][exp_month]": "4",
    "payment_method_data[card][exp_year]": "26",
    "payment_method_data[card][number]": "4242424242424242",
    "payment_method_data[payment_user_agent]": "stripe-ios/23.15.0; variant.legacy; STPPaymentCardTextField; PaymentSheet.AddressController",
    "payment_method_data[type]": "card",
    "use_stripe_sdk": true
}
2025-02-09 22:11:53,511 - rest_client_new.py -log - INFO - 接口请求的请求头:
{
    "Content-Type": "application/x-www-form-urlencoded",
    "rental-client-id": "com.rental.user.app.rybit.stg",
    "rental-captcha-token": "RENTAL_CAPTCHA_TOKEN",
    "Authorization": "pk_test_51JLYaZGvq4E0WjAYOiJX33Ci7KnnITbQHEnXVJVbztuYOoAt2MzCWNRAW0xEl2yKZVnSJ4I2ju6N8McnFHS84vI900EwTKQly8"
}
2025-02-09 22:11:56,522 - rest_client_new.py -log - INFO - 接口的返回内容:>>>
{
    "error": {
        "message": "You did not provide an API key. You need to provide your API key in the Authorization header, using Bearer auth (e.g. 'Authorization: Bearer YOUR_SECRET_KEY'). See https://stripe.com/docs/api#authentication for details, or we can help at https://support.stripe.com/.",
        "type": "invalid_request_error"
    }
}
2025-02-09 22:11:56,593 - conftest.py -log - INFO - 测试结束
2025-02-09 22:17:41,845 - conftest.py -log - INFO - 开始执行测试
2025-02-09 22:17:41,855 - rest_client_new.py -log - INFO - 接口请求的地址: https://api.stripe.com/v1/setup_intents/seti_1QqbEgGvq4E0WjAYVHwxYUWF/confirm
2025-02-09 22:17:41,856 - rest_client_new.py -log - INFO - 接口请求方式: POST
2025-02-09 22:17:41,856 - rest_client_new.py -log - INFO - 接口请求的json参数:  
{
    "client_secret": "seti_1QqbEgGvq4E0WjAYVHwxYUWF_secret_Rk5P6F96YFFGTWeyKgeKysyRyZznShC",
    "payment_method_data[billing_details][address][city]": "J",
    "payment_method_data[billing_details][address][country]": "CN",
    "payment_method_data[billing_details][address][line1]": "J",
    "payment_method_data[billing_details][address][line2]": "J",
    "payment_method_data[billing_details][address][postal_code]": "J",
    "payment_method_data[billing_details][address][state]": "J",
    "payment_method_data[billing_details][email]": "",
    "payment_method_data[billing_details][name]": "J",
    "payment_method_data[billing_details][phone]": "+12025020602",
    "payment_method_data[card][cvc]": "666",
    "payment_method_data[card][exp_month]": "4",
    "payment_method_data[card][exp_year]": "26",
    "payment_method_data[card][number]": "4242424242424242",
    "payment_method_data[payment_user_agent]": "stripe-ios/23.15.0; variant.legacy; STPPaymentCardTextField; PaymentSheet.AddressController",
    "payment_method_data[type]": "card",
    "use_stripe_sdk": true
}
2025-02-09 22:17:41,856 - rest_client_new.py -log - INFO - 接口请求的请求头:
{
    "Content-Type": "application/x-www-form-urlencoded",
    "Authorization": "pk_test_51JLYaZGvq4E0WjAYOiJX33Ci7KnnITbQHEnXVJVbztuYOoAt2MzCWNRAW0xEl2yKZVnSJ4I2ju6N8McnFHS84vI900EwTKQly8"
}
2025-02-09 22:17:45,886 - rest_client_new.py -log - INFO - 接口的返回内容:>>>
{
    "error": {
        "message": "You did not provide an API key. You need to provide your API key in the Authorization header, using Bearer auth (e.g. 'Authorization: Bearer YOUR_SECRET_KEY'). See https://stripe.com/docs/api#authentication for details, or we can help at https://support.stripe.com/.",
        "type": "invalid_request_error"
    }
}
2025-02-09 22:17:45,954 - conftest.py -log - INFO - 测试结束
2025-02-09 22:18:27,877 - conftest.py -log - INFO - 开始执行测试
2025-02-09 22:18:27,889 - rest_client_new.py -log - INFO - 接口请求的地址: https://api.stripe.com/v1/setup_intents/seti_1QqbEgGvq4E0WjAYVHwxYUWF/confirm
2025-02-09 22:18:27,890 - rest_client_new.py -log - INFO - 接口请求方式: POST
2025-02-09 22:18:27,890 - rest_client_new.py -log - INFO - 接口请求的json参数:  
{
    "client_secret": "seti_1QqbEgGvq4E0WjAYVHwxYUWF_secret_Rk5P6F96YFFGTWeyKgeKysyRyZznShC",
    "payment_method_data[billing_details][address][city]": "J",
    "payment_method_data[billing_details][address][country]": "CN",
    "payment_method_data[billing_details][address][line1]": "J",
    "payment_method_data[billing_details][address][line2]": "J",
    "payment_method_data[billing_details][address][postal_code]": "J",
    "payment_method_data[billing_details][address][state]": "J",
    "payment_method_data[billing_details][email]": "",
    "payment_method_data[billing_details][name]": "J",
    "payment_method_data[billing_details][phone]": "+12025020602",
    "payment_method_data[card][cvc]": "666",
    "payment_method_data[card][exp_month]": "4",
    "payment_method_data[card][exp_year]": "26",
    "payment_method_data[card][number]": "4242424242424242",
    "payment_method_data[payment_user_agent]": "stripe-ios/23.15.0; variant.legacy; STPPaymentCardTextField; PaymentSheet.AddressController",
    "payment_method_data[type]": "card",
    "use_stripe_sdk": true
}
2025-02-09 22:18:27,891 - rest_client_new.py -log - INFO - 接口请求的请求头:
{
    "Content-Type": "application/x-www-form-urlencoded",
    "Authorization": "sk_test_51JLYaZGvq4E0WjAYjdo5oX4aguhKHQ6ar7V3KuNtrlnAV5ZYPtOkochR8idBD3zdpoKXVWvMMKpBnFO0PaHfop3a00i7MU24OO"
}
2025-02-09 22:18:28,932 - rest_client_new.py -log - INFO - 接口的返回内容:>>>
{
    "error": {
        "message": "You did not provide an API key. You need to provide your API key in the Authorization header, using Bearer auth (e.g. 'Authorization: Bearer YOUR_SECRET_KEY'). See https://stripe.com/docs/api#authentication for details, or we can help at https://support.stripe.com/.",
        "type": "invalid_request_error"
    }
}
2025-02-09 22:18:28,998 - conftest.py -log - INFO - 测试结束
2025-02-09 22:22:53,024 - conftest.py -log - INFO - 开始执行测试
2025-02-09 22:22:53,033 - rest_client_new.py -log - INFO - 接口请求的地址: https://api.stripe.com/v1/setup_intents/seti_1QqbEgGvq4E0WjAYVHwxYUWF/confirm
2025-02-09 22:22:53,033 - rest_client_new.py -log - INFO - 接口请求方式: POST
2025-02-09 22:22:53,033 - rest_client_new.py -log - INFO - 接口请求的json参数:  
{
    "client_secret": "seti_1QqbEgGvq4E0WjAYVHwxYUWF_secret_Rk5P6F96YFFGTWeyKgeKysyRyZznShC",
    "payment_method_data[billing_details][address][city]": "J",
    "payment_method_data[billing_details][address][country]": "CN",
    "payment_method_data[billing_details][address][line1]": "J",
    "payment_method_data[billing_details][address][line2]": "J",
    "payment_method_data[billing_details][address][postal_code]": "J",
    "payment_method_data[billing_details][address][state]": "J",
    "payment_method_data[billing_details][email]": "",
    "payment_method_data[billing_details][name]": "J",
    "payment_method_data[billing_details][phone]": "+12025020602",
    "payment_method_data[card][cvc]": "666",
    "payment_method_data[card][exp_month]": "4",
    "payment_method_data[card][exp_year]": "26",
    "payment_method_data[card][number]": "4242424242424242",
    "payment_method_data[payment_user_agent]": "stripe-ios/23.15.0; variant.legacy; STPPaymentCardTextField; PaymentSheet.AddressController",
    "payment_method_data[type]": "card",
    "use_stripe_sdk": true
}
2025-02-09 22:22:53,034 - rest_client_new.py -log - INFO - 接口请求的请求头:
{
    "Content-Type": "application/x-www-form-urlencoded",
    "Authorization": "Bearer pk_test_51JLYaZGvq4E0WjAYOiJX33Ci7KnnITbQHEnXVJVbztuYOoAt2MzCWNRAW0xEl2yKZVnSJ4I2ju6N8McnFHS84vI900EwTKQly8"
}
2025-02-09 22:22:55,496 - rest_client_new.py -log - INFO - 接口的返回内容:>>>
{
    "error": {
        "code": "parameter_missing",
        "doc_url": "https://stripe.com/docs/error-codes/parameter-missing",
        "message": "Missing required param: client_secret.",
        "param": "client_secret",
        "request_log_url": "https://dashboard.stripe.com/test/logs/req_Pkxv0DkcUXQhyW?t=1739110977",
        "type": "invalid_request_error"
    }
}
2025-02-09 22:22:55,554 - conftest.py -log - INFO - 测试结束
2025-02-09 22:23:41,565 - conftest.py -log - INFO - 开始执行测试
2025-02-09 22:23:41,573 - rest_client_new.py -log - INFO - 接口请求的地址: https://api-rental-stg.moovmobility.co/customer/me/payment/availableProviders
2025-02-09 22:23:41,573 - rest_client_new.py -log - INFO - 接口请求方式: GET
2025-02-09 22:23:41,573 - rest_client_new.py -log - INFO - 接口请求的请求头:
{
    "Content-Type": "application/json",
    "rental-client-id": "com.rental.user.app.rybit.stg",
    "rental-captcha-token": "RENTAL_CAPTCHA_TOKEN",
    "Authorization": "Bearer 4FC97D36CB81441C8367DAC0FFC771BA"
}
2025-02-09 22:23:43,641 - rest_client_new.py -log - INFO - 接口的返回内容:>>>
{
    "code": 1000,
    "message": null,
    "data": [
        {
            "id": "E8XY",
            "option": {
                "stripeKeyPublic": "pk_test_51JLYaZGvq4E0WjAYOiJX33Ci7KnnITbQHEnXVJVbztuYOoAt2MzCWNRAW0xEl2yKZVnSJ4I2ju6N8McnFHS84vI900EwTKQly8"
            },
            "type": "stripe",
            "createdAt": "2023-03-28T02:57:10.969698Z",
            "updatedAt": "2023-03-28T02:57:10.969698Z",
            "isArchived": false
        }
    ]
}
2025-02-09 22:23:43,644 - conftest.py -log - INFO - 测试结束
2025-02-09 22:23:52,419 - conftest.py -log - INFO - 开始执行测试
2025-02-09 22:23:52,425 - rest_client_new.py -log - INFO - 接口请求的地址: https://api-rental-stg.moovmobility.co/customer/me/payment/$setup
2025-02-09 22:23:52,425 - rest_client_new.py -log - INFO - 接口请求方式: POST
2025-02-09 22:23:52,425 - rest_client_new.py -log - INFO - 接口请求的json参数:  
{
    "providerId": "E8XY",
    "methodType": "credit-card"
}
2025-02-09 22:23:52,425 - rest_client_new.py -log - INFO - 接口请求的请求头:
{
    "Content-Type": "application/json",
    "rental-client-id": "com.rental.user.app.rybit.stg",
    "rental-captcha-token": "RENTAL_CAPTCHA_TOKEN",
    "Authorization": "Bearer 4FC97D36CB81441C8367DAC0FFC771BA"
}
2025-02-09 22:23:55,045 - rest_client_new.py -log - INFO - 接口的返回内容:>>>
{
    "code": 1000,
    "message": null,
    "data": {
        "id": "X3JM",
        "providerId": "E8XY",
        "methodType": "credit-card",
        "status": "init",
        "option": {
            "stripeSetupId": "seti_1QqbQOGvq4E0WjAY7TfAi5Vy",
            "stripeSetupSecret": "seti_1QqbQOGvq4E0WjAY7TfAi5Vy_secret_Rk5bR9hhmHoO36mju8r3369e6Wn5kdR"
        },
        "providerType": "stripe",
        "createdAt": "2025-02-09T14:23:56.265583Z",
        "updatedAt": "2025-02-09T14:23:56.265583Z",
        "customerId": "5ML5"
    }
}
2025-02-09 22:23:55,057 - conftest.py -log - INFO - 测试结束
2025-02-09 22:24:02,081 - conftest.py -log - INFO - 开始执行测试
2025-02-09 22:24:02,091 - rest_client_new.py -log - INFO - 接口请求的地址: https://api.stripe.com/v1/setup_intents/seti_1QqbQOGvq4E0WjAY7TfAi5Vy/confirm
2025-02-09 22:24:02,091 - rest_client_new.py -log - INFO - 接口请求方式: POST
2025-02-09 22:24:02,092 - rest_client_new.py -log - INFO - 接口请求的json参数:  
{
    "client_secret": "seti_1QqbQOGvq4E0WjAY7TfAi5Vy_secret_Rk5bR9hhmHoO36mju8r3369e6Wn5kdR",
    "payment_method_data[billing_details][address][city]": "J",
    "payment_method_data[billing_details][address][country]": "CN",
    "payment_method_data[billing_details][address][line1]": "J",
    "payment_method_data[billing_details][address][line2]": "J",
    "payment_method_data[billing_details][address][postal_code]": "J",
    "payment_method_data[billing_details][address][state]": "J",
    "payment_method_data[billing_details][email]": "",
    "payment_method_data[billing_details][name]": "J",
    "payment_method_data[billing_details][phone]": "+12025020602",
    "payment_method_data[card][cvc]": "666",
    "payment_method_data[card][exp_month]": "4",
    "payment_method_data[card][exp_year]": "26",
    "payment_method_data[card][number]": "4242424242424242",
    "payment_method_data[payment_user_agent]": "stripe-ios/23.15.0; variant.legacy; STPPaymentCardTextField; PaymentSheet.AddressController",
    "payment_method_data[type]": "card",
    "use_stripe_sdk": true
}
2025-02-09 22:24:02,092 - rest_client_new.py -log - INFO - 接口请求的请求头:
{
    "Content-Type": "application/x-www-form-urlencoded",
    "Authorization": "Bearer pk_test_51JLYaZGvq4E0WjAYOiJX33Ci7KnnITbQHEnXVJVbztuYOoAt2MzCWNRAW0xEl2yKZVnSJ4I2ju6N8McnFHS84vI900EwTKQly8"
}
2025-02-09 22:24:03,163 - rest_client_new.py -log - INFO - 接口的返回内容:>>>
{
    "error": {
        "code": "parameter_missing",
        "doc_url": "https://stripe.com/docs/error-codes/parameter-missing",
        "message": "Missing required param: client_secret.",
        "param": "client_secret",
        "request_log_url": "https://dashboard.stripe.com/test/logs/req_m5NxNzHStDDdH2?t=1739111045",
        "type": "invalid_request_error"
    }
}
2025-02-09 22:24:03,241 - conftest.py -log - INFO - 测试结束
2025-02-09 22:27:24,970 - conftest.py -log - INFO - 开始执行测试
2025-02-09 22:27:24,978 - rest_client_new.py -log - INFO - 接口请求的地址: https://api-rental-stg.moovmobility.co/customer/me/payment/$setup
2025-02-09 22:27:24,978 - rest_client_new.py -log - INFO - 接口请求方式: POST
2025-02-09 22:27:24,979 - rest_client_new.py -log - INFO - 接口请求的json参数:  
{
    "providerId": "E8XY",
    "methodType": "credit-card"
}
2025-02-09 22:27:24,979 - rest_client_new.py -log - INFO - 接口请求的请求头:
{
    "Content-Type": "application/json",
    "rental-client-id": "com.rental.user.app.rybit.stg",
    "rental-captcha-token": "RENTAL_CAPTCHA_TOKEN",
    "Authorization": "Bearer 4FC97D36CB81441C8367DAC0FFC771BA"
}
2025-02-09 22:27:27,274 - rest_client_new.py -log - INFO - 接口的返回内容:>>>
{
    "code": 1000,
    "message": null,
    "data": {
        "id": "M2M6",
        "providerId": "E8XY",
        "methodType": "credit-card",
        "status": "init",
        "option": {
            "stripeSetupId": "seti_1QqbTpGvq4E0WjAYd9sSlAmt",
            "stripeSetupSecret": "seti_1QqbTpGvq4E0WjAYd9sSlAmt_secret_Rk5frsqnYbXHgWq2fhuC34tGOQc2tci"
        },
        "providerType": "stripe",
        "createdAt": "2025-02-09T14:27:28.639218Z",
        "updatedAt": "2025-02-09T14:27:28.639218Z",
        "customerId": "5ML5"
    }
}
2025-02-09 22:27:27,289 - conftest.py -log - INFO - 测试结束
2025-02-09 22:27:50,418 - conftest.py -log - INFO - 开始执行测试
2025-02-09 22:27:50,426 - rest_client_new.py -log - INFO - 接口请求的地址: https://api.stripe.com/v1/setup_intents/seti_1QqbTpGvq4E0WjAYd9sSlAmt/confirm
2025-02-09 22:27:50,426 - rest_client_new.py -log - INFO - 接口请求方式: POST
2025-02-09 22:27:50,426 - rest_client_new.py -log - INFO - 接口请求的json参数:  
{
    "client_secret": "seti_1QqbTpGvq4E0WjAYd9sSlAmt_secret_Rk5frsqnYbXHgWq2fhuC34tGOQc2tci",
    "payment_method_data[billing_details][address][city]": "J",
    "payment_method_data[billing_details][address][country]": "CN",
    "payment_method_data[billing_details][address][line1]": "J",
    "payment_method_data[billing_details][address][line2]": "J",
    "payment_method_data[billing_details][address][postal_code]": "J",
    "payment_method_data[billing_details][address][state]": "J",
    "payment_method_data[billing_details][email]": "",
    "payment_method_data[billing_details][name]": "J",
    "payment_method_data[billing_details][phone]": "+12025020602",
    "payment_method_data[card][cvc]": "666",
    "payment_method_data[card][exp_month]": "4",
    "payment_method_data[card][exp_year]": "26",
    "payment_method_data[card][number]": "4242424242424242",
    "payment_method_data[payment_user_agent]": "stripe-ios/23.15.0; variant.legacy; STPPaymentCardTextField; PaymentSheet.AddressController",
    "payment_method_data[type]": "card",
    "use_stripe_sdk": true
}
2025-02-09 22:27:50,426 - rest_client_new.py -log - INFO - 接口请求的请求头:
{
    "Content-Type": "application/x-www-form-urlencoded",
    "Authorization": "Bearer pk_test_51JLYaZGvq4E0WjAYOiJX33Ci7KnnITbQHEnXVJVbztuYOoAt2MzCWNRAW0xEl2yKZVnSJ4I2ju6N8McnFHS84vI900EwTKQly8"
}
2025-02-09 22:27:51,417 - rest_client_new.py -log - INFO - 接口的返回内容:>>>
{
    "error": {
        "code": "parameter_missing",
        "doc_url": "https://stripe.com/docs/error-codes/parameter-missing",
        "message": "Missing required param: client_secret.",
        "param": "client_secret",
        "request_log_url": "https://dashboard.stripe.com/test/logs/req_DefQcuEJLEuVMt?t=1739111273",
        "type": "invalid_request_error"
    }
}
2025-02-09 22:27:51,487 - conftest.py -log - INFO - 测试结束
2025-02-09 22:29:36,354 - conftest.py -log - INFO - 开始执行测试
2025-02-09 22:29:36,361 - rest_client_new.py -log - INFO - 接口请求的地址: https://api.stripe.com/v1/setup_intents/seti_1QqbTpGvq4E0WjAYd9sSlAmt/confirm
2025-02-09 22:29:36,361 - rest_client_new.py -log - INFO - 接口请求方式: POST
2025-02-09 22:29:36,361 - rest_client_new.py -log - INFO - 接口请求的json参数:  
{
    "client_secret": "seti_1QqbTpGvq4E0WjAYd9sSlAmt_secret_Rk5frsqnYbXHgWq2fhuC34tGOQc2tci",
    "payment_method_data[billing_details][address][city]": "J",
    "payment_method_data[billing_details][address][country]": "CN",
    "payment_method_data[billing_details][address][line1]": "J",
    "payment_method_data[billing_details][address][line2]": "J",
    "payment_method_data[billing_details][address][postal_code]": "J",
    "payment_method_data[billing_details][address][state]": "J",
    "payment_method_data[billing_details][email]": "",
    "payment_method_data[billing_details][name]": "J",
    "payment_method_data[billing_details][phone]": "+12025020602",
    "payment_method_data[card][cvc]": "666",
    "payment_method_data[card][exp_month]": "4",
    "payment_method_data[card][exp_year]": "26",
    "payment_method_data[card][number]": "4242424242424242",
    "payment_method_data[payment_user_agent]": "stripe-ios/23.15.0; variant.legacy; STPPaymentCardTextField; PaymentSheet.AddressController",
    "payment_method_data[type]": "card",
    "use_stripe_sdk": true
}
2025-02-09 22:29:36,361 - rest_client_new.py -log - INFO - 接口请求的请求头:
{
    "Content-Type": "application/x-www-form-urlencoded",
    "Authorization": "Bearer sk_test_51JLYaZGvq4E0WjAYjdo5oX4aguhKHQ6ar7V3KuNtrlnAV5ZYPtOkochR8idBD3zdpoKXVWvMMKpBnFO0PaHfop3a00i7MU24OO"
}
2025-02-09 22:29:37,485 - rest_client_new.py -log - INFO - 接口的返回内容:>>>
{
    "error": {
        "code": "setup_intent_unexpected_state",
        "doc_url": "https://stripe.com/docs/error-codes/setup-intent-unexpected-state",
        "message": "You cannot confirm this SetupIntent because it's missing a payment method. You can either update the SetupIntent with a payment method and then confirm it again, or confirm it again directly with a payment method or ConfirmationToken.",
        "request_log_url": "https://dashboard.stripe.com/test/logs/req_6zG0lw7VQWktEy?t=1739111379",
        "setup_intent": {
            "id": "seti_1QqbTpGvq4E0WjAYd9sSlAmt",
            "object": "setup_intent",
            "application": null,
            "automatic_payment_methods": null,
            "cancellation_reason": null,
            "client_secret": "seti_1QqbTpGvq4E0WjAYd9sSlAmt_secret_Rk5frsqnYbXHgWq2fhuC34tGOQc2tci",
            "created": 1739111249,
            "customer": "cus_Rk5fUvRso6OCjx",
            "description": null,
            "flow_directions": null,
            "last_setup_error": null,
            "latest_attempt": null,
            "livemode": false,
            "mandate": null,
            "metadata": {},
            "next_action": null,
            "on_behalf_of": null,
            "payment_method": null,
            "payment_method_configuration_details": null,
            "payment_method_options": {
                "card": {
                    "mandate_options": null,
                    "network": null,
                    "request_three_d_secure": "automatic"
                }
            },
            "payment_method_types": [
                "card"
            ],
            "single_use_mandate": null,
            "status": "requires_payment_method",
            "usage": "off_session"
        },
        "type": "invalid_request_error"
    }
}
2025-02-09 22:29:37,565 - conftest.py -log - INFO - 测试结束
2025-02-09 22:30:20,023 - conftest.py -log - INFO - 开始执行测试
2025-02-09 22:30:20,032 - rest_client_new.py -log - INFO - 接口请求的地址: https://api-rental-stg.moovmobility.co/customer/me/payment/$setup
2025-02-09 22:30:20,032 - rest_client_new.py -log - INFO - 接口请求方式: POST
2025-02-09 22:30:20,032 - rest_client_new.py -log - INFO - 接口请求的json参数:  
{
    "providerId": "E8XY",
    "methodType": "credit-card"
}
2025-02-09 22:30:20,033 - rest_client_new.py -log - INFO - 接口请求的请求头:
{
    "Content-Type": "application/json",
    "rental-client-id": "com.rental.user.app.rybit.stg",
    "rental-captcha-token": "RENTAL_CAPTCHA_TOKEN",
    "Authorization": "Bearer 4FC97D36CB81441C8367DAC0FFC771BA"
}
2025-02-09 22:30:22,093 - rest_client_new.py -log - INFO - 接口的返回内容:>>>
{
    "code": 1000,
    "message": null,
    "data": {
        "id": "NZNX",
        "providerId": "E8XY",
        "methodType": "credit-card",
        "status": "init",
        "option": {
            "stripeSetupId": "seti_1QqbWdGvq4E0WjAYoWRGNFo4",
            "stripeSetupSecret": "seti_1QqbWdGvq4E0WjAYoWRGNFo4_secret_Rk5i7SIeqHLBOqc8oM2oIG2r5oeXCeZ"
        },
        "providerType": "stripe",
        "createdAt": "2025-02-09T14:30:23.465045Z",
        "updatedAt": "2025-02-09T14:30:23.465045Z",
        "customerId": "5ML5"
    }
}
2025-02-09 22:30:22,107 - conftest.py -log - INFO - 测试结束
2025-02-09 22:32:04,125 - conftest.py -log - INFO - 开始执行测试
2025-02-09 22:32:04,136 - rest_client_new.py -log - INFO - 接口请求的地址: https://api.stripe.com/v1/setup_intents/seti_1QqbWdGvq4E0WjAYoWRGNFo4/confirm
2025-02-09 22:32:04,136 - rest_client_new.py -log - INFO - 接口请求方式: POST
2025-02-09 22:32:04,136 - rest_client_new.py -log - INFO - 接口请求的data参数:  
{
    "client_secret": "seti_1QqbWdGvq4E0WjAYoWRGNFo4_secret_Rk5i7SIeqHLBOqc8oM2oIG2r5oeXCeZ",
    "payment_method_data[billing_details][address][city]": "J",
    "payment_method_data[billing_details][address][country]": "CN",
    "payment_method_data[billing_details][address][line1]": "J",
    "payment_method_data[billing_details][address][line2]": "J",
    "payment_method_data[billing_details][address][postal_code]": "J",
    "payment_method_data[billing_details][address][state]": "J",
    "payment_method_data[billing_details][email]": "",
    "payment_method_data[billing_details][name]": "J",
    "payment_method_data[billing_details][phone]": "+12025020602",
    "payment_method_data[card][cvc]": "666",
    "payment_method_data[card][exp_month]": "4",
    "payment_method_data[card][exp_year]": "26",
    "payment_method_data[card][number]": "4242424242424242",
    "payment_method_data[payment_user_agent]": "stripe-ios/23.15.0; variant.legacy; STPPaymentCardTextField; PaymentSheet.AddressController",
    "payment_method_data[type]": "card",
    "use_stripe_sdk": true
}
2025-02-09 22:32:04,136 - rest_client_new.py -log - INFO - 接口请求的请求头:
{
    "Content-Type": "application/x-www-form-urlencoded",
    "Authorization": "Bearer pk_test_51JLYaZGvq4E0WjAYOiJX33Ci7KnnITbQHEnXVJVbztuYOoAt2MzCWNRAW0xEl2yKZVnSJ4I2ju6N8McnFHS84vI900EwTKQly8"
}
2025-02-09 22:32:05,874 - rest_client_new.py -log - INFO - 接口的返回内容:>>>
{
    "id": "seti_1QqbWdGvq4E0WjAYoWRGNFo4",
    "object": "setup_intent",
    "automatic_payment_methods": null,
    "cancellation_reason": null,
    "client_secret": "seti_1QqbWdGvq4E0WjAYoWRGNFo4_secret_Rk5i7SIeqHLBOqc8oM2oIG2r5oeXCeZ",
    "created": 1739111423,
    "description": null,
    "last_setup_error": null,
    "livemode": false,
    "next_action": null,
    "payment_method": "pm_1QqbYJGvq4E0WjAY142gcHFG",
    "payment_method_configuration_details": null,
    "payment_method_types": [
        "card"
    ],
    "status": "succeeded",
    "usage": "off_session"
}
2025-02-09 22:32:05,940 - conftest.py -log - INFO - 测试结束
2025-02-09 22:33:47,779 - conftest.py -log - INFO - 开始执行测试
2025-02-09 22:33:47,789 - rest_client_new.py -log - INFO - 接口请求的地址: https://api-rental-stg.moovmobility.co/customer/me/payment/$setup
2025-02-09 22:33:47,789 - rest_client_new.py -log - INFO - 接口请求方式: POST
2025-02-09 22:33:47,789 - rest_client_new.py -log - INFO - 接口请求的json参数:  
{
    "providerId": "E8XY",
    "methodType": "credit-card"
}
2025-02-09 22:33:47,790 - rest_client_new.py -log - INFO - 接口请求的请求头:
{
    "Content-Type": "application/json",
    "rental-client-id": "com.rental.user.app.rybit.stg",
    "rental-captcha-token": "RENTAL_CAPTCHA_TOKEN",
    "Authorization": "Bearer 4FC97D36CB81441C8367DAC0FFC771BA"
}
2025-02-09 22:33:50,056 - rest_client_new.py -log - INFO - 接口的返回内容:>>>
{
    "code": 1000,
    "message": null,
    "data": {
        "id": "337N",
        "providerId": "E8XY",
        "methodType": "credit-card",
        "status": "init",
        "option": {
            "stripeSetupId": "seti_1QqbZzGvq4E0WjAYqaJsUyj9",
            "stripeSetupSecret": "seti_1QqbZzGvq4E0WjAYqaJsUyj9_secret_Rk5lkJD2yF2aNvsA3F9MUQV9C6OSpRd"
        },
        "providerType": "stripe",
        "createdAt": "2025-02-09T14:33:51.340886Z",
        "updatedAt": "2025-02-09T14:33:51.340886Z",
        "customerId": "5ML5"
    }
}
2025-02-09 22:33:50,068 - conftest.py -log - INFO - 测试结束
2025-02-09 22:34:00,875 - conftest.py -log - INFO - 开始执行测试
2025-02-09 22:34:00,887 - rest_client_new.py -log - INFO - 接口请求的地址: https://api.stripe.com/v1/setup_intents/seti_1QqbZzGvq4E0WjAYqaJsUyj9/confirm
2025-02-09 22:34:00,887 - rest_client_new.py -log - INFO - 接口请求方式: POST
2025-02-09 22:34:00,887 - rest_client_new.py -log - INFO - 接口请求的data参数:  
{
    "client_secret": "seti_1QqbZzGvq4E0WjAYqaJsUyj9_secret_Rk5lkJD2yF2aNvsA3F9MUQV9C6OSpRd",
    "payment_method_data[billing_details][address][city]": "J",
    "payment_method_data[billing_details][address][country]": "CN",
    "payment_method_data[billing_details][address][line1]": "J",
    "payment_method_data[billing_details][address][line2]": "J",
    "payment_method_data[billing_details][address][postal_code]": "J",
    "payment_method_data[billing_details][address][state]": "J",
    "payment_method_data[billing_details][email]": "",
    "payment_method_data[billing_details][name]": "J",
    "payment_method_data[billing_details][phone]": "+12025020602",
    "payment_method_data[card][cvc]": "666",
    "payment_method_data[card][exp_month]": "4",
    "payment_method_data[card][exp_year]": "26",
    "payment_method_data[card][number]": "4242424242424242",
    "payment_method_data[payment_user_agent]": "stripe-ios/23.15.0; variant.legacy; STPPaymentCardTextField; PaymentSheet.AddressController",
    "payment_method_data[type]": "card",
    "use_stripe_sdk": true
}
2025-02-09 22:34:00,888 - rest_client_new.py -log - INFO - 接口请求的请求头:
{
    "Content-Type": "application/x-www-form-urlencoded",
    "Authorization": "Bearer pk_test_51JLYaZGvq4E0WjAYOiJX33Ci7KnnITbQHEnXVJVbztuYOoAt2MzCWNRAW0xEl2yKZVnSJ4I2ju6N8McnFHS84vI900EwTKQly8"
}
2025-02-09 22:34:02,653 - rest_client_new.py -log - INFO - 接口的返回内容:>>>
{
    "id": "seti_1QqbZzGvq4E0WjAYqaJsUyj9",
    "object": "setup_intent",
    "automatic_payment_methods": null,
    "cancellation_reason": null,
    "client_secret": "seti_1QqbZzGvq4E0WjAYqaJsUyj9_secret_Rk5lkJD2yF2aNvsA3F9MUQV9C6OSpRd",
    "created": 1739111631,
    "description": null,
    "last_setup_error": null,
    "livemode": false,
    "next_action": null,
    "payment_method": "pm_1QqbaCGvq4E0WjAYYrecYAJL",
    "payment_method_configuration_details": null,
    "payment_method_types": [
        "card"
    ],
    "status": "succeeded",
    "usage": "off_session"
}
2025-02-09 22:34:02,656 - conftest.py -log - INFO - 测试结束
2025-02-09 22:34:57,659 - conftest.py -log - INFO - 开始执行测试
2025-02-09 22:34:57,666 - rest_client_new.py -log - INFO - 接口请求的地址: https://api-rental-stg.moovmobility.co/customer/me/payment/$setup
2025-02-09 22:34:57,666 - rest_client_new.py -log - INFO - 接口请求方式: POST
2025-02-09 22:34:57,666 - rest_client_new.py -log - INFO - 接口请求的json参数:  
{
    "providerId": "E8XY",
    "methodType": "credit-card"
}
2025-02-09 22:34:57,666 - rest_client_new.py -log - INFO - 接口请求的请求头:
{
    "Content-Type": "application/json",
    "rental-client-id": "com.rental.user.app.rybit.stg",
    "rental-captcha-token": "RENTAL_CAPTCHA_TOKEN",
    "Authorization": "Bearer 4FC97D36CB81441C8367DAC0FFC771BA"
}
2025-02-09 22:35:00,437 - rest_client_new.py -log - INFO - 接口的返回内容:>>>
{
    "code": 1000,
    "message": null,
    "data": {
        "id": "K8XX",
        "providerId": "E8XY",
        "methodType": "credit-card",
        "status": "init",
        "option": {
            "stripeSetupId": "seti_1Qqbb8Gvq4E0WjAYV1Lg3VHp",
            "stripeSetupSecret": "seti_1Qqbb8Gvq4E0WjAYV1Lg3VHp_secret_Rk5maoiaaOFePskhNCp6M6Y9xFqlhpt"
        },
        "providerType": "stripe",
        "createdAt": "2025-02-09T14:35:01.830563Z",
        "updatedAt": "2025-02-09T14:35:01.830563Z",
        "customerId": "5ML5"
    }
}
2025-02-09 22:35:00,450 - conftest.py -log - INFO - 测试结束
2025-02-09 22:37:54,971 - conftest.py -log - INFO - 开始执行测试
2025-02-09 22:37:54,979 - rest_client_new.py -log - INFO - 接口请求的地址: https://api-rental-stg.moovmobility.co/customer/me/payment/$setup
2025-02-09 22:37:54,979 - rest_client_new.py -log - INFO - 接口请求方式: POST
2025-02-09 22:37:54,980 - rest_client_new.py -log - INFO - 接口请求的json参数:  
{
    "providerId": "E8XY",
    "methodType": "credit-card"
}
2025-02-09 22:37:54,980 - rest_client_new.py -log - INFO - 接口请求的请求头:
{
    "Content-Type": "application/json",
    "rental-client-id": "com.rental.user.app.rybit.stg",
    "rental-captcha-token": "RENTAL_CAPTCHA_TOKEN",
    "Authorization": "Bearer 4FC97D36CB81441C8367DAC0FFC771BA"
}
2025-02-09 22:38:05,454 - rest_client_new.py -log - INFO - 接口的返回内容:>>>
{
    "code": 1000,
    "message": null,
    "data": {
        "id": "5GBD",
        "providerId": "E8XY",
        "methodType": "credit-card",
        "status": "init",
        "option": {
            "stripeSetupId": "seti_1Qqbe7Gvq4E0WjAYIeJlbQXu",
            "stripeSetupSecret": "seti_1Qqbe7Gvq4E0WjAYIeJlbQXu_secret_Rk5pZJ0cBWH44gwEw7pGX1z6rNtQyEX"
        },
        "providerType": "stripe",
        "createdAt": "2025-02-09T14:38:06.829138Z",
        "updatedAt": "2025-02-09T14:38:06.829138Z",
        "customerId": "5ML5"
    }
}
2025-02-09 22:38:05,471 - conftest.py -log - INFO - 测试结束
2025-02-09 22:42:02,113 - conftest.py -log - INFO - 开始执行测试
2025-02-09 22:42:02,122 - rest_client_new.py -log - INFO - 接口请求的地址: https://api-rental-stg.moovmobility.co/customer/me/payment/$setup
2025-02-09 22:42:02,122 - rest_client_new.py -log - INFO - 接口请求方式: POST
2025-02-09 22:42:02,122 - rest_client_new.py -log - INFO - 接口请求的json参数:  
{
    "providerId": "E8XY",
    "methodType": "credit-card"
}
2025-02-09 22:42:02,122 - rest_client_new.py -log - INFO - 接口请求的请求头:
{
    "Content-Type": "application/json",
    "rental-client-id": "com.rental.user.app.rybit.stg",
    "rental-captcha-token": "RENTAL_CAPTCHA_TOKEN",
    "Authorization": "Bearer 4FC97D36CB81441C8367DAC0FFC771BA"
}
2025-02-09 22:42:20,316 - rest_client_new.py -log - INFO - 接口的返回内容:>>>
{
    "code": 1000,
    "message": null,
    "data": {
        "id": "6VXW",
        "providerId": "E8XY",
        "methodType": "credit-card",
        "status": "init",
        "option": {
            "stripeSetupId": "seti_1QqbiEGvq4E0WjAYpGbyUs0Z",
            "stripeSetupSecret": "seti_1QqbiEGvq4E0WjAYpGbyUs0Z_secret_Rk5ub9DTPWn8sDAFHaRcCQkzt3KKSmV"
        },
        "providerType": "stripe",
        "createdAt": "2025-02-09T14:42:21.710331Z",
        "updatedAt": "2025-02-09T14:42:21.710331Z",
        "customerId": "5ML5"
    }
}
2025-02-09 22:42:20,330 - conftest.py -log - INFO - 测试结束
2025-02-09 22:42:45,528 - conftest.py -log - INFO - 开始执行测试
2025-02-09 22:42:45,540 - rest_client_new.py -log - INFO - 接口请求的地址: https://api.stripe.com/v1/setup_intents/seti_1QqbiEGvq4E0WjAYpGbyUs0Z/confirm
2025-02-09 22:42:45,541 - rest_client_new.py -log - INFO - 接口请求方式: POST
2025-02-09 22:42:45,541 - rest_client_new.py -log - INFO - 接口请求的data参数:  
{
    "client_secret": "seti_1QqbiEGvq4E0WjAYpGbyUs0Z_secret_Rk5ub9DTPWn8sDAFHaRcCQkzt3KKSmV",
    "payment_method_data[billing_details][address][city]": "J",
    "payment_method_data[billing_details][address][country]": "CN",
    "payment_method_data[billing_details][address][line1]": "J",
    "payment_method_data[billing_details][address][line2]": "J",
    "payment_method_data[billing_details][address][postal_code]": "J",
    "payment_method_data[billing_details][address][state]": "J",
    "payment_method_data[billing_details][email]": "",
    "payment_method_data[billing_details][name]": "J",
    "payment_method_data[billing_details][phone]": "+12025020602",
    "payment_method_data[card][cvc]": "666",
    "payment_method_data[card][exp_month]": "4",
    "payment_method_data[card][exp_year]": "26",
    "payment_method_data[card][number]": "4242424242424242",
    "payment_method_data[payment_user_agent]": "stripe-ios/23.15.0; variant.legacy; STPPaymentCardTextField; PaymentSheet.AddressController",
    "payment_method_data[type]": "card",
    "use_stripe_sdk": true
}
2025-02-09 22:42:45,541 - rest_client_new.py -log - INFO - 接口请求的请求头:
{
    "Content-Type": "application/x-www-form-urlencoded",
    "Authorization": "Bearer pk_test_51JLYaZGvq4E0WjAYOiJX33Ci7KnnITbQHEnXVJVbztuYOoAt2MzCWNRAW0xEl2yKZVnSJ4I2ju6N8McnFHS84vI900EwTKQly8"
}
2025-02-09 22:42:50,184 - rest_client_new.py -log - INFO - 接口的返回内容:>>>
{
    "id": "seti_1QqbiEGvq4E0WjAYpGbyUs0Z",
    "object": "setup_intent",
    "automatic_payment_methods": null,
    "cancellation_reason": null,
    "client_secret": "seti_1QqbiEGvq4E0WjAYpGbyUs0Z_secret_Rk5ub9DTPWn8sDAFHaRcCQkzt3KKSmV",
    "created": 1739112142,
    "description": null,
    "last_setup_error": null,
    "livemode": false,
    "next_action": null,
    "payment_method": "pm_1QqbihGvq4E0WjAYqRRRlzRV",
    "payment_method_configuration_details": null,
    "payment_method_types": [
        "card"
    ],
    "status": "succeeded",
    "usage": "off_session"
}
2025-02-09 22:42:50,188 - conftest.py -log - INFO - 测试结束
2025-02-09 22:43:21,859 - conftest.py -log - INFO - 开始执行测试
2025-02-09 22:43:21,868 - rest_client_new.py -log - INFO - 接口请求的地址: https://api-rental-stg.moovmobility.co/customer/me/payment/methods
2025-02-09 22:43:21,868 - rest_client_new.py -log - INFO - 接口请求方式: POST
2025-02-09 22:43:21,868 - rest_client_new.py -log - INFO - 接口请求的json参数:  
{
    "providerId": "E8XY",
    "customerSetupId": "6VXW",
    "methodType": "credit-card"
}
2025-02-09 22:43:21,868 - rest_client_new.py -log - INFO - 接口请求的请求头:
{
    "Content-Type": "application/json",
    "rental-client-id": "com.rental.user.app.rybit.stg",
    "rental-captcha-token": "RENTAL_CAPTCHA_TOKEN",
    "Authorization": "Bearer 4FC97D36CB81441C8367DAC0FFC771BA"
}
2025-02-09 22:43:35,604 - rest_client_new.py -log - INFO - 接口的返回内容:>>>
{
    "code": 1000,
    "message": null,
    "data": {
        "id": "55XV",
        "providerType": "stripe",
        "providerId": "E8XY",
        "customerId": "5ML5",
        "customerSetupId": "6VXW",
        "creditCard": {
            "cardLastFour": 4242,
            "cardExpireYear": 2026,
            "cardExpireMonth": 4
        },
        "detail": {
            "cardLastFour": 4242,
            "cardExpireYear": 2026,
            "cardExpireMonth": 4
        },
        "type": "credit-card",
        "updatedBy": null,
        "createdAt": "2025-02-09T14:43:35.435003Z",
        "updatedAt": "2025-02-09T14:43:35.435003Z",
        "isArchived": false
    }
}
2025-02-09 22:43:35,605 - ExtractUtils.py -log - ERROR - 变量[paymentMethodId]写入extract.yaml文件失败：请检查error信息：object of type 'bool' has no len()
2025-02-09 22:43:35,610 - conftest.py -log - INFO - 测试结束
2025-02-09 22:47:02,497 - conftest.py -log - INFO - 开始执行测试
2025-02-09 22:47:02,504 - rest_client_new.py -log - INFO - 接口请求的地址: https://api-rental-stg.moovmobility.co/customer/me/payment/availableProviders
2025-02-09 22:47:02,504 - rest_client_new.py -log - INFO - 接口请求方式: GET
2025-02-09 22:47:02,504 - rest_client_new.py -log - INFO - 接口请求的请求头:
{
    "Content-Type": "application/json",
    "rental-client-id": "com.rental.user.app.rybit.stg",
    "rental-captcha-token": "RENTAL_CAPTCHA_TOKEN",
    "Authorization": "Bearer 4FC97D36CB81441C8367DAC0FFC771BA"
}
2025-02-09 22:47:03,993 - rest_client_new.py -log - INFO - 接口的返回内容:>>>
{
    "code": 1000,
    "message": null,
    "data": [
        {
            "id": "E8XY",
            "option": {
                "stripeKeyPublic": "pk_test_51JLYaZGvq4E0WjAYOiJX33Ci7KnnITbQHEnXVJVbztuYOoAt2MzCWNRAW0xEl2yKZVnSJ4I2ju6N8McnFHS84vI900EwTKQly8"
            },
            "type": "stripe",
            "createdAt": "2023-03-28T02:57:10.969698Z",
            "updatedAt": "2023-03-28T02:57:10.969698Z",
            "isArchived": false
        }
    ]
}
2025-02-09 22:47:03,999 - rest_client_new.py -log - INFO - 接口请求的地址: https://api-rental-stg.moovmobility.co/customer/me/payment/$setup
2025-02-09 22:47:03,999 - rest_client_new.py -log - INFO - 接口请求方式: POST
2025-02-09 22:47:04,000 - rest_client_new.py -log - INFO - 接口请求的json参数:  
{
    "providerId": "E8XY",
    "methodType": "credit-card"
}
2025-02-09 22:47:04,000 - rest_client_new.py -log - INFO - 接口请求的请求头:
{
    "Content-Type": "application/json",
    "rental-client-id": "com.rental.user.app.rybit.stg",
    "rental-captcha-token": "RENTAL_CAPTCHA_TOKEN",
    "Authorization": "Bearer 4FC97D36CB81441C8367DAC0FFC771BA"
}
2025-02-09 22:47:06,399 - rest_client_new.py -log - INFO - 接口的返回内容:>>>
{
    "code": 1000,
    "message": null,
    "data": {
        "id": "2B9J",
        "providerId": "E8XY",
        "methodType": "credit-card",
        "status": "init",
        "option": {
            "stripeSetupId": "seti_1QqbmqGvq4E0WjAYOtJEieZT",
            "stripeSetupSecret": "seti_1QqbmqGvq4E0WjAYOtJEieZT_secret_Rk5y5h7UqHjqTrhqfue0dVePT0NmZul"
        },
        "providerType": "stripe",
        "createdAt": "2025-02-09T14:47:07.577234Z",
        "updatedAt": "2025-02-09T14:47:07.577234Z",
        "customerId": "5ML5"
    }
}
2025-02-09 22:47:06,413 - rest_client_new.py -log - INFO - 接口请求的地址: https://api.stripe.com/v1/setup_intents/seti_1QqbmqGvq4E0WjAYOtJEieZT/confirm
2025-02-09 22:47:06,414 - rest_client_new.py -log - INFO - 接口请求方式: POST
2025-02-09 22:47:06,414 - rest_client_new.py -log - INFO - 接口请求的data参数:  
{
    "client_secret": "seti_1QqbmqGvq4E0WjAYOtJEieZT_secret_Rk5y5h7UqHjqTrhqfue0dVePT0NmZul",
    "payment_method_data[billing_details][address][city]": "J",
    "payment_method_data[billing_details][address][country]": "CN",
    "payment_method_data[billing_details][address][line1]": "J",
    "payment_method_data[billing_details][address][line2]": "J",
    "payment_method_data[billing_details][address][postal_code]": "J",
    "payment_method_data[billing_details][address][state]": "J",
    "payment_method_data[billing_details][email]": "",
    "payment_method_data[billing_details][name]": "J",
    "payment_method_data[billing_details][phone]": "+12025020602",
    "payment_method_data[card][cvc]": "666",
    "payment_method_data[card][exp_month]": "4",
    "payment_method_data[card][exp_year]": "26",
    "payment_method_data[card][number]": "4242424242424242",
    "payment_method_data[payment_user_agent]": "stripe-ios/23.15.0; variant.legacy; STPPaymentCardTextField; PaymentSheet.AddressController",
    "payment_method_data[type]": "card",
    "use_stripe_sdk": true
}
2025-02-09 22:47:06,414 - rest_client_new.py -log - INFO - 接口请求的请求头:
{
    "Content-Type": "application/x-www-form-urlencoded",
    "Authorization": "Bearer pk_test_51JLYaZGvq4E0WjAYOiJX33Ci7KnnITbQHEnXVJVbztuYOoAt2MzCWNRAW0xEl2yKZVnSJ4I2ju6N8McnFHS84vI900EwTKQly8"
}
2025-02-09 22:47:08,142 - rest_client_new.py -log - INFO - 接口的返回内容:>>>
{
    "id": "seti_1QqbmqGvq4E0WjAYOtJEieZT",
    "object": "setup_intent",
    "automatic_payment_methods": null,
    "cancellation_reason": null,
    "client_secret": "seti_1QqbmqGvq4E0WjAYOtJEieZT_secret_Rk5y5h7UqHjqTrhqfue0dVePT0NmZul",
    "created": 1739112428,
    "description": null,
    "last_setup_error": null,
    "livemode": false,
    "next_action": null,
    "payment_method": "pm_1QqbmrGvq4E0WjAYqKcTjZOB",
    "payment_method_configuration_details": null,
    "payment_method_types": [
        "card"
    ],
    "status": "succeeded",
    "usage": "off_session"
}
2025-02-09 22:47:08,149 - rest_client_new.py -log - INFO - 接口请求的地址: https://api-rental-stg.moovmobility.co/customer/me/payment/methods
2025-02-09 22:47:08,149 - rest_client_new.py -log - INFO - 接口请求方式: POST
2025-02-09 22:47:08,149 - rest_client_new.py -log - INFO - 接口请求的json参数:  
{
    "providerId": "E8XY",
    "customerSetupId": "2B9J",
    "methodType": "credit-card"
}
2025-02-09 22:47:08,150 - rest_client_new.py -log - INFO - 接口请求的请求头:
{
    "Content-Type": "application/json",
    "rental-client-id": "com.rental.user.app.rybit.stg",
    "rental-captcha-token": "RENTAL_CAPTCHA_TOKEN",
    "Authorization": "Bearer 4FC97D36CB81441C8367DAC0FFC771BA"
}
2025-02-09 22:47:12,136 - rest_client_new.py -log - INFO - 接口的返回内容:>>>
{
    "code": 1000,
    "message": null,
    "data": {
        "id": "62O8",
        "providerType": "stripe",
        "providerId": "E8XY",
        "customerId": "5ML5",
        "customerSetupId": "2B9J",
        "creditCard": {
            "cardLastFour": 4242,
            "cardExpireYear": 2026,
            "cardExpireMonth": 4
        },
        "detail": {
            "cardLastFour": 4242,
            "cardExpireYear": 2026,
            "cardExpireMonth": 4
        },
        "type": "credit-card",
        "updatedBy": null,
        "createdAt": "2025-02-09T14:47:11.892216Z",
        "updatedAt": "2025-02-09T14:47:11.892216Z",
        "isArchived": false
    }
}
2025-02-09 22:47:12,144 - conftest.py -log - INFO - 测试结束
